2023-02-14 17:17:00,042 DEBUG v.m.i.g.d.DatabaseImpl [main] [SQL] com.mysql.cj.jdbc.CallableStatement: CALL USP_LOGIN('giatk@mobile-id.vn','thienthan123',** NOT SPECIFIED **,** NOT SPECIFIED **) 
2023-02-14 17:17:00,101 ERROR v.m.i.g.d.DatabaseImpl [main] Error while login. Details: java.sql.SQLException: Before start of result set
	at com.mysql.cj.jdbc.exceptions.SQLError.createSQLException(SQLError.java:129)
	at com.mysql.cj.jdbc.exceptions.SQLError.createSQLException(SQLError.java:97)
	at com.mysql.cj.jdbc.exceptions.SQLError.createSQLException(SQLError.java:89)
	at com.mysql.cj.jdbc.exceptions.SQLError.createSQLException(SQLError.java:63)
	at com.mysql.cj.jdbc.result.ResultSetImpl.checkRowPos(ResultSetImpl.java:532)
	at com.mysql.cj.jdbc.result.ResultSetImpl.getString(ResultSetImpl.java:878)
	at com.mysql.cj.jdbc.result.ResultSetImpl.getString(ResultSetImpl.java:896)
	at org.apache.commons.dbcp2.DelegatingResultSet.getString(DelegatingResultSet.java:898)
	at org.apache.commons.dbcp2.DelegatingResultSet.getString(DelegatingResultSet.java:898)
	at vn.mobileid.id.general.database.DatabaseImpl.login(DatabaseImpl.java:1621)
	at vn.mobileid.id.qrypto.kernel.ManageTokenWithDB.main(ManageTokenWithDB.java:204)

2023-02-14 17:18:57,487 DEBUG v.m.i.g.d.DatabaseImpl [main] [SQL] com.mysql.cj.jdbc.CallableStatement: CALL USP_LOGIN('giatk@mobile-id.vn','thienthan123',** NOT SPECIFIED **,** NOT SPECIFIED **) 
2023-02-14 17:18:57,531 ERROR v.m.i.g.d.DatabaseImpl [main] Error while login. Details: java.sql.SQLException: Before start of result set
	at com.mysql.cj.jdbc.exceptions.SQLError.createSQLException(SQLError.java:129)
	at com.mysql.cj.jdbc.exceptions.SQLError.createSQLException(SQLError.java:97)
	at com.mysql.cj.jdbc.exceptions.SQLError.createSQLException(SQLError.java:89)
	at com.mysql.cj.jdbc.exceptions.SQLError.createSQLException(SQLError.java:63)
	at com.mysql.cj.jdbc.result.ResultSetImpl.checkRowPos(ResultSetImpl.java:532)
	at com.mysql.cj.jdbc.result.ResultSetImpl.getString(ResultSetImpl.java:878)
	at com.mysql.cj.jdbc.result.ResultSetImpl.getString(ResultSetImpl.java:896)
	at org.apache.commons.dbcp2.DelegatingResultSet.getString(DelegatingResultSet.java:898)
	at org.apache.commons.dbcp2.DelegatingResultSet.getString(DelegatingResultSet.java:898)
	at vn.mobileid.id.general.database.DatabaseImpl.login(DatabaseImpl.java:1621)
	at vn.mobileid.id.qrypto.kernel.ManageTokenWithDB.main(ManageTokenWithDB.java:204)

2023-02-14 17:19:23,936 DEBUG v.m.i.g.d.DatabaseImpl [main] [SQL] com.mysql.cj.jdbc.CallableStatement: CALL USP_LOGIN('giatk@mobile-id.vn','thienthan123',** NOT SPECIFIED **,** NOT SPECIFIED **) 
2023-02-14 17:26:25,190 DEBUG v.m.i.g.d.DatabaseImpl [main] [SQL] com.mysql.cj.jdbc.CallableStatement: CALL USP_LOGIN('giatk@mobile-id.vn','thienthan123',** NOT SPECIFIED **,** NOT SPECIFIED **) 
2023-02-14 17:27:28,851 DEBUG v.m.i.g.d.DatabaseImpl [main] [SQL] com.mysql.cj.jdbc.CallableStatement: CALL USP_LOGIN('giatk@mobile-id.vn','thienthan123',** NOT SPECIFIED **,** NOT SPECIFIED **) 
2023-02-14 17:40:13,907 DEBUG v.m.i.g.d.DatabaseImpl [main] [SQL] com.mysql.cj.jdbc.CallableStatement: CALL USP_LOGIN('giatk@mobile-id.vn','thienthan123',** NOT SPECIFIED **,** NOT SPECIFIED **) 
