2023-02-14 09:20:19,518 DEBUG v.m.i.g.a.ServicesController [default task-4] 
---------
Authenticate request:
	METHOD:POST
	ContentType:application/json
	Body:{
    "grant_type":"password",
    "client_id":"qryptoUser",
    "username":"user2",
    "password":"thienthan123"
}
2023-02-14 09:33:18,312 DEBUG v.m.i.g.a.ServicesController [default task-8] 
---------
Authenticate request:
	METHOD:POST
	ContentType:application/json
	Body:{
    "grant_type":"password",
    "client_id":"qryptoUser",
    "username":"user2",
    "password":"thienthan123"
}
2023-02-14 09:21:26,782 DEBUG v.m.i.g.a.ServicesController [default task-6] 
---------
Authenticate request:
	METHOD:POST
	ContentType:application/json
	Body:{
    "grant_type":"password",
    "client_id":"qryptoUser",
    "username":"user2",
    "password":"thienthan123"
}
2023-02-14 09:54:34,085 DEBUG v.m.i.g.a.ServicesController [default task-9] 
---------
Authenticate request:
	METHOD:POST
	ContentType:application/json
	Body:{
    "grant_type":"password",
    "client_id":"qryptoUser",
    "username":"user2",
    "password":"thienthan123"
}
2023-02-14 09:21:18,828 DEBUG v.m.i.g.a.ServicesController [default task-5] 
---------
CreateWorkflow request:
	METHOD:POST
	ContentType:application/json
	Body:{
    "workflow_template_type": 7,
    "workflow_label": "Label 20230202 - ELabor Contract",
    "created_by": "GiaTK",
    "user_email": "bcd@gmail.com"
}
2023-02-14 09:54:37,345 INFO v.m.i.q.k.ManageToken [default task-5] Checking Header!!
2023-02-14 09:54:37,345 INFO v.m.i.q.k.ManageToken [default task-5] Token:Bearer eyJhbGciOiJSUzI1NiIsInR5cCIgOiAiSldUIiwia2lkIiA6ICIxSEFyRGRxRFFHYWRWX3dKaUpSLXItdjlUbUpVVldILURxSzRBM0xQT2xvIn0.eyJleHAiOjE2NzYyODU4OTMsImlhdCI6MTY3NjI4NTU5MywianRpIjoiYzQ2ZDJmOTEtZDI2Mi00MmY1LTg2YWItNWZiZjk3NzJhZjZlIiwiaXNzIjoiaHR0cDovLzE5Mi4xNjguMTk4LjEyMDo4MDgxL2F1dGgvcmVhbG1zL1FyeXB0b1JlYWxtIiwiYXVkIjoiYWNjb3VudCIsInN1YiI6IjY1NDFiY2E4LWRkNTUtNDhiMi1hNTY5LTgyYzYwZGI5NDk1MyIsInR5cCI6IkJlYXJlciIsImF6cCI6InFyeXB0b1VzZXIiLCJzZXNzaW9uX3N0YXRlIjoiMTA4NzU0MTQtNzIyOC00ZWRlLWI1MTQtMjc4YzNiNTVjNWEwIiwiYWNyIjoiMSIsInJlYWxtX2FjY2VzcyI6eyJyb2xlcyI6WyJkZWZhdWx0LXJvbGVzLXFyeXB0b3JlYWxtIiwib2ZmbGluZV9hY2Nlc3MiLCJ1bWFfYXV0aG9yaXphdGlvbiJdfSwicmVzb3VyY2VfYWNjZXNzIjp7ImFjY291bnQiOnsicm9sZXMiOlsibWFuYWdlLWFjY291bnQiLCJtYW5hZ2UtYWNjb3VudC1saW5rcyIsInZpZXctcHJvZmlsZSJdfX0sInNjb3BlIjoicHJvZmlsZSBlbWFpbCIsInNpZCI6IjEwODc1NDE0LTcyMjgtNGVkZS1iNTE0LTI3OGMzYjU1YzVhMCIsImVtYWlsX3ZlcmlmaWVkIjpmYWxzZSwibmFtZSI6IlRhdCBHaWEiLCJwcmVmZXJyZWRfdXNlcm5hbWUiOiJ1c2VyMiIsImdpdmVuX25hbWUiOiJUYXQiLCJmYW1pbHlfbmFtZSI6IkdpYSIsImVtYWlsIjoiZ2lhdGtAbW9iaWxlLWlkLnZuIn0.rx0ciKnSY2t92JzkcoprQE7iXhNQm9isyc8q8Oa5i4dwvPdnOiiZmxXO2pVogWGGVu9yVweR29xQil_rE1W-sH82jLfTyULUuviYgDPPlPqXSsbBjMR0YcbWNbjvaNFzTcN4S9TeXfRcIX2hWSiBVDb9cN2iSwkOgvalXdnQxn16qSBRZurCYbhyvK0VsSHslFThSEU0YHNlVFHO9v8N5Vo6PBvxfBGFKGnYNUj_yyj147nQql5rD9dXH3Fj8LTl_trjg23kDJOfJYYEvE8n9lwFFs0psvICwtidPqoH59tcIYCcWMEkwWVZ0W9ZUv-FTbPbsPC8O4fDqAFFvAXf7Q
2023-02-14 09:54:37,347 DEBUG v.m.i.g.k.KeyCloakInvocation [default task-5] Verify accessToken
2023-02-14 09:54:37,349 DEBUG v.m.i.g.k.KeyCloakInvocation [default task-5] Before decode token
2023-02-14 09:54:37,350 DEBUG v.m.i.g.k.KeyCloakInvocation [default task-5] Header:eyJhbGciOiJSUzI1NiIsInR5cCIgOiAiSldUIiwia2lkIiA6ICIxSEFyRGRxRFFHYWRWX3dKaUpSLXItdjlUbUpVVldILURxSzRBM0xQT2xvIn0
2023-02-14 09:54:37,350 DEBUG v.m.i.g.k.KeyCloakInvocation [default task-5] Payload:eyJleHAiOjE2NzYyODU4OTMsImlhdCI6MTY3NjI4NTU5MywianRpIjoiYzQ2ZDJmOTEtZDI2Mi00MmY1LTg2YWItNWZiZjk3NzJhZjZlIiwiaXNzIjoiaHR0cDovLzE5Mi4xNjguMTk4LjEyMDo4MDgxL2F1dGgvcmVhbG1zL1FyeXB0b1JlYWxtIiwiYXVkIjoiYWNjb3VudCIsInN1YiI6IjY1NDFiY2E4LWRkNTUtNDhiMi1hNTY5LTgyYzYwZGI5NDk1MyIsInR5cCI6IkJlYXJlciIsImF6cCI6InFyeXB0b1VzZXIiLCJzZXNzaW9uX3N0YXRlIjoiMTA4NzU0MTQtNzIyOC00ZWRlLWI1MTQtMjc4YzNiNTVjNWEwIiwiYWNyIjoiMSIsInJlYWxtX2FjY2VzcyI6eyJyb2xlcyI6WyJkZWZhdWx0LXJvbGVzLXFyeXB0b3JlYWxtIiwib2ZmbGluZV9hY2Nlc3MiLCJ1bWFfYXV0aG9yaXphdGlvbiJdfSwicmVzb3VyY2VfYWNjZXNzIjp7ImFjY291bnQiOnsicm9sZXMiOlsibWFuYWdlLWFjY291bnQiLCJtYW5hZ2UtYWNjb3VudC1saW5rcyIsInZpZXctcHJvZmlsZSJdfX0sInNjb3BlIjoicHJvZmlsZSBlbWFpbCIsInNpZCI6IjEwODc1NDE0LTcyMjgtNGVkZS1iNTE0LTI3OGMzYjU1YzVhMCIsImVtYWlsX3ZlcmlmaWVkIjpmYWxzZSwibmFtZSI6IlRhdCBHaWEiLCJwcmVmZXJyZWRfdXNlcm5hbWUiOiJ1c2VyMiIsImdpdmVuX25hbWUiOiJUYXQiLCJmYW1pbHlfbmFtZSI6IkdpYSIsImVtYWlsIjoiZ2lhdGtAbW9iaWxlLWlkLnZuIn0
2023-02-14 09:54:37,350 DEBUG v.m.i.g.k.KeyCloakInvocation [default task-5] Signature:rx0ciKnSY2t92JzkcoprQE7iXhNQm9isyc8q8Oa5i4dwvPdnOiiZmxXO2pVogWGGVu9yVweR29xQil_rE1W-sH82jLfTyULUuviYgDPPlPqXSsbBjMR0YcbWNbjvaNFzTcN4S9TeXfRcIX2hWSiBVDb9cN2iSwkOgvalXdnQxn16qSBRZurCYbhyvK0VsSHslFThSEU0YHNlVFHO9v8N5Vo6PBvxfBGFKGnYNUj_yyj147nQql5rD9dXH3Fj8LTl_trjg23kDJOfJYYEvE8n9lwFFs0psvICwtidPqoH59tcIYCcWMEkwWVZ0W9ZUv-FTbPbsPC8O4fDqAFFvAXf7Q
2023-02-14 09:54:37,351 DEBUG v.m.i.g.k.KeyCloakInvocation [default task-5] Header:{"alg":"RS256","typ" : "JWT","kid" : "1HArDdqDQGadV_wJiJR-r-v9TmJUVWH-DqK4A3LPOlo"}
2023-02-14 09:54:37,351 DEBUG v.m.i.g.k.KeyCloakInvocation [default task-5] Alg:RS256
2023-02-14 09:54:37,351 DEBUG v.m.i.g.k.KeyCloakInvocation [default task-5] Payload:{"exp":1676285893,"iat":1676285593,"jti":"c46d2f91-d262-42f5-86ab-5fbf9772af6e","iss":"http://192.168.198.120:8081/auth/realms/QryptoRealm","aud":"account","sub":"6541bca8-dd55-48b2-a569-82c60db94953","typ":"Bearer","azp":"qryptoUser","session_state":"10875414-7228-4ede-b514-278c3b55c5a0","acr":"1","realm_access":{"roles":["default-roles-qryptorealm","offline_access","uma_authorization"]},"resource_access":{"account":{"roles":["manage-account","manage-account-links","view-profile"]}},"scope":"profile email","sid":"10875414-7228-4ede-b514-278c3b55c5a0","email_verified":false,"name":"Tat Gia","preferred_username":"user2","given_name":"Tat","family_name":"Gia","email":"giatk@mobile-id.vn"}
2023-02-14 09:54:37,351 DEBUG v.m.i.g.k.KeyCloakInvocation [default task-5] Signature:rx0ciKnSY2t92JzkcoprQE7iXhNQm9isyc8q8Oa5i4dwvPdnOiiZmxXO2pVogWGGVu9yVweR29xQil_rE1W-sH82jLfTyULUuviYgDPPlPqXSsbBjMR0YcbWNbjvaNFzTcN4S9TeXfRcIX2hWSiBVDb9cN2iSwkOgvalXdnQxn16qSBRZurCYbhyvK0VsSHslFThSEU0YHNlVFHO9v8N5Vo6PBvxfBGFKGnYNUj_yyj147nQql5rD9dXH3Fj8LTl_trjg23kDJOfJYYEvE8n9lwFFs0psvICwtidPqoH59tcIYCcWMEkwWVZ0W9ZUv-FTbPbsPC8O4fDqAFFvAXf7Q
2023-02-14 09:54:37,353 DEBUG v.m.i.g.k.KeyCloakInvocation [default task-5] Get IAM Certificate!
2023-02-14 09:54:37,358 DEBUG v.m.i.g.k.KeyCloakInvocation [default task-6] payload call IAM by JSON:client_id=qryptoUser&client_secret=lLzd1rIE3GrCjq1uCyRnSTzNwsjwYoJB&grant_type=password&username=user2&password=thienthan123
2023-02-14 09:54:37,374 DEBUG v.m.i.g.k.KeyCloakInvocation [default task-9] payload call IAM by JSON:client_id=qryptoUser&client_secret=lLzd1rIE3GrCjq1uCyRnSTzNwsjwYoJB&grant_type=password&username=user2&password=thienthan123
2023-02-14 09:54:37,377 DEBUG v.m.i.g.k.KeyCloakInvocation [default task-8] payload call IAM by JSON:client_id=qryptoUser&client_secret=lLzd1rIE3GrCjq1uCyRnSTzNwsjwYoJB&grant_type=password&username=user2&password=thienthan123
2023-02-14 09:54:37,379 DEBUG v.m.i.g.k.KeyCloakInvocation [default task-4] payload call IAM by JSON:client_id=qryptoUser&client_secret=lLzd1rIE3GrCjq1uCyRnSTzNwsjwYoJB&grant_type=password&username=user2&password=thienthan123
2023-02-14 09:54:37,725 DEBUG v.m.i.g.HttpRequest [default task-5] Received response from server http://192.168.198.120:8081/auth/realms/QryptoRealm/protocol/openid-connect/certs. HTTP status code: 200
Body: {"keys":[{"kid":"1HArDdqDQGadV_wJiJR-r-v9TmJUVWH-DqK4A3LPOlo","kty":"RSA","alg":"RS256","use":"sig","n":"5AEevSCY9sc4XglCrTOz866BPpMGklJEg3ubWfyTy-Fduyw3FdVRmGemgZC9H21QZJISy4_xdbtvueLp5_SVUkjHkKNy-ppaLXGGWzSSpFa3Ev1aPxrLMaJoDUVYokINWEp4MlTOc03tFqk0s98SYiHTGy24aVFoDUpWCDPd69_GebfiAlpghbGS3DGafjSm9IZ7YgRqkAYVPv5jnYKGWB0nHoDDFLr-E1z1cSri2vE_9irEjrtyqSa-swhaNrgK_TigaT6W6e1OHpHAscdN-uJV15b9KXfHJm_5-nHHa1U4O0N_Imb-VgX-LYduRZaA7-YJqalEBda0IMhCbQaPCQ","e":"AQAB","x5c":["MIICpTCCAY0CBgGFPOkX5jANBgkqhkiG9w0BAQsFADAWMRQwEgYDVQQDDAtRcnlwdG9SZWFsbTAeFw0yMjEyMjMwMjU0NDdaFw0zMjEyMjMwMjU2MjdaMBYxFDASBgNVBAMMC1FyeXB0b1JlYWxtMIIBIjANBgkqhkiG9w0BAQEFAAOCAQ8AMIIBCgKCAQEA5AEevSCY9sc4XglCrTOz866BPpMGklJEg3ubWfyTy+Fduyw3FdVRmGemgZC9H21QZJISy4/xdbtvueLp5/SVUkjHkKNy+ppaLXGGWzSSpFa3Ev1aPxrLMaJoDUVYokINWEp4MlTOc03tFqk0s98SYiHTGy24aVFoDUpWCDPd69/GebfiAlpghbGS3DGafjSm9IZ7YgRqkAYVPv5jnYKGWB0nHoDDFLr+E1z1cSri2vE/9irEjrtyqSa+swhaNrgK/TigaT6W6e1OHpHAscdN+uJV15b9KXfHJm/5+nHHa1U4O0N/Imb+VgX+LYduRZaA7+YJqalEBda0IMhCbQaPCQIDAQABMA0GCSqGSIb3DQEBCwUAA4IBAQDW4WGMQ52iimY7X1JnPZClbZuNRb9NWVHUYxpWbyD5nx8qVoprOsqBq1u75yJOWxEFJdEIU97Cc8JIoE/50Q0ZwqpNWbizWAgm6FwKgZ8Bca1QN5ZdOcpgwVcMRmYOQCpctWZFhNxjYJIoKhe27437t4vNAJTsUjR1yhO2WITy4NCsAlD3UQZDYWnecpwhOHSS+NSLCcywCpxgPernn6bwcijvm0H8Exk0abn0ZAxQzOfFPSU0jmVfcXGitdPia8vZqCPcpo957UWpNGUj6TqIBb4Zrx0+TNCqKQkOvfbH8aoui9S2I+tFriswX5lryEH396028vVdm+apmX4AQVhu"],"x5t":"4VTKx094nJ3FqZ0BASmEc7KRhss","x5t#S256":"r2cf4nzYurtsqa55wNolTnyHoZFyIM5y1HxIMRq2weE"},{"kid":"qPUZhI-abKiGAVhMbQWX64-A5otrR_Vv1FT6SwI_GnQ","kty":"RSA","alg":"RSA-OAEP","use":"enc","n":"4O7KUbDPEQW4cw8NnnCaSZtVk5FsptwqrKbqxGhLu8jCWt3xQzV0dQ-YjKlJHLynja9eGM0N20pAmKDxeHX4aQcPUwa7jbB0KTskIXE30eocM_4Ii1a7A_hZn3NUr6zQZP9uenDHal3_3ueykVZwWtF5eLTshdnumRoDr-l9n9t88ka29ae3BKT4Z3_wJ4dtxZ2JgxUdpnXE2Pz3bqpQj_5Ron-cQNPKTkXZfWp4nA9Iuf_CA-0LdHyA2mDWi8VoTgYx4qeevulY_vrwWEvTw7RiPwY14kpByIaTHHHeXQ3cmNos4bT5pH4BjiNYYynaWcMag68Rhc3BZJ4icKlnNw","e":"AQAB","x5c":["MIICpTCCAY0CBgGFPOkZTTANBgkqhkiG9w0BAQsFADAWMRQwEgYDVQQDDAtRcnlwdG9SZWFsbTAeFw0yMjEyMjMwMjU0NDdaFw0zMjEyMjMwMjU2MjdaMBYxFDASBgNVBAMMC1FyeXB0b1JlYWxtMIIBIjANBgkqhkiG9w0BAQEFAAOCAQ8AMIIBCgKCAQEA4O7KUbDPEQW4cw8NnnCaSZtVk5FsptwqrKbqxGhLu8jCWt3xQzV0dQ+YjKlJHLynja9eGM0N20pAmKDxeHX4aQcPUwa7jbB0KTskIXE30eocM/4Ii1a7A/hZn3NUr6zQZP9uenDHal3/3ueykVZwWtF5eLTshdnumRoDr+l9n9t88ka29ae3BKT4Z3/wJ4dtxZ2JgxUdpnXE2Pz3bqpQj/5Ron+cQNPKTkXZfWp4nA9Iuf/CA+0LdHyA2mDWi8VoTgYx4qeevulY/vrwWEvTw7RiPwY14kpByIaTHHHeXQ3cmNos4bT5pH4BjiNYYynaWcMag68Rhc3BZJ4icKlnNwIDAQABMA0GCSqGSIb3DQEBCwUAA4IBAQCxD4ejPzR4tYdN9Z4h1o9dpsvHcEJbeDU6IQEnxvvmBesSYtrMaFS1N118tej3WPYxpDEM5xL4B8a6rc/SQ59gz3WS6hSyL6/nP4lHTvqSuMopuRSfIHUVfqmRpxI6+fVQaQSmtOuXhtR/qXeY2aUyPxPJlzQmNDHqTCByLgk+fT3fXMFibP4uBpV7wyyzJmrF+mnamtohE4sfJPzP3K7wJ/YSyJOqiKJq+zXNyOzgYmH8ObF41anjAeqh3SB/SRv40K9maB8BgENGmJaPODVPjxkzS8a+PO58kAeL3nAIbU9sEM2381ejUSnEhZ54HuBB3eMukhluAeZADS/iCrFv"],"x5t":"ry8erb_ckFGsFV4ARqFaqT2Moe8","x5t#S256":"7_Qe1d2pU9fjbCEYdNrKL-7abnRLqF4_SRhaECH-Oo0"}]}
2023-02-14 09:54:37,731 INFO v.m.i.g.k.KeyCloakInvocation [default task-5] Verify Token
2023-02-14 09:54:37,785 ERROR v.m.i.g.k.KeyCloakInvocation [default task-5] Expired token!
2023-02-14 09:54:37,787 DEBUG v.m.i.g.a.ServicesController [default task-5] Request fail
2023-02-14 09:54:37,787 DEBUG v.m.i.g.a.ServicesController [default task-5] Status:400
2023-02-14 09:54:37,787 DEBUG v.m.i.g.a.ServicesController [default task-5] Message:{
  "error_description" : "TOKEN_EXPIRED"
}
2023-02-14 09:54:37,938 DEBUG v.m.i.g.HttpRequest [default task-6] Received response from server http://192.168.198.120:8081/auth/realms/QryptoRealm/protocol/openid-connect/token. HTTP status code: 200
Body: {"access_token":"eyJhbGciOiJSUzI1NiIsInR5cCIgOiAiSldUIiwia2lkIiA6ICIxSEFyRGRxRFFHYWRWX3dKaUpSLXItdjlUbUpVVldILURxSzRBM0xQT2xvIn0.eyJleHAiOjE2NzYzNDM1NzcsImlhdCI6MTY3NjM0MzI3NywianRpIjoiMzZhZDA1ODAtYWM5Mi00YzBiLTllYzMtYTMxMDJhMTg3YTRkIiwiaXNzIjoiaHR0cDovLzE5Mi4xNjguMTk4LjEyMDo4MDgxL2F1dGgvcmVhbG1zL1FyeXB0b1JlYWxtIiwiYXVkIjoiYWNjb3VudCIsInN1YiI6IjY1NDFiY2E4LWRkNTUtNDhiMi1hNTY5LTgyYzYwZGI5NDk1MyIsInR5cCI6IkJlYXJlciIsImF6cCI6InFyeXB0b1VzZXIiLCJzZXNzaW9uX3N0YXRlIjoiY2Q3OTY4YzAtNTU2Ni00YzJkLTg5ODAtMjRlOWM2ZmNkYjliIiwiYWNyIjoiMSIsInJlYWxtX2FjY2VzcyI6eyJyb2xlcyI6WyJkZWZhdWx0LXJvbGVzLXFyeXB0b3JlYWxtIiwib2ZmbGluZV9hY2Nlc3MiLCJ1bWFfYXV0aG9yaXphdGlvbiJdfSwicmVzb3VyY2VfYWNjZXNzIjp7ImFjY291bnQiOnsicm9sZXMiOlsibWFuYWdlLWFjY291bnQiLCJtYW5hZ2UtYWNjb3VudC1saW5rcyIsInZpZXctcHJvZmlsZSJdfX0sInNjb3BlIjoicHJvZmlsZSBlbWFpbCIsInNpZCI6ImNkNzk2OGMwLTU1NjYtNGMyZC04OTgwLTI0ZTljNmZjZGI5YiIsImVtYWlsX3ZlcmlmaWVkIjpmYWxzZSwibmFtZSI6IlRhdCBHaWEiLCJwcmVmZXJyZWRfdXNlcm5hbWUiOiJ1c2VyMiIsImdpdmVuX25hbWUiOiJUYXQiLCJmYW1pbHlfbmFtZSI6IkdpYSIsImVtYWlsIjoiZ2lhdGtAbW9iaWxlLWlkLnZuIn0.i6J7smZghLUcBTn4QoZKWlN79WPucz_9HnfHZPFnL1ore0szcX4dtPXTSrFrnm79uimdLK76moFlljCwQjuyD2LPwokGpfoqTbcrwaXq1lAUIxNsU4NYyvLnpJmhXH9UK8a6_Yte0rcf_YzlW3s3euOcGiCbWWDY8R7zSNZudKKHZpv2KTT0rIvzfPSnfxFrV0wmKBkfHTFD7wxx7IrSvl6CNO-3RtZ_VY3i4IeWKNiAdU_yeQPwn92QnCkkFeaYmnz9_Kg6gfwC0VvDIOuzpEH8tWJ3zMGLQh2OlfrGbJ-_0i3dEIHwUKFOK_GPKkHeXyoG8H2GOd3UrKWBszteag","expires_in":300,"refresh_expires_in":1800,"refresh_token":"eyJhbGciOiJIUzI1NiIsInR5cCIgOiAiSldUIiwia2lkIiA6ICI4MTU4MzIzNC0xNjY2LTQ4Y2UtYmJjNy0zNGEwMjY1OTZjOWYifQ.eyJleHAiOjE2NzYzNDUwNzcsImlhdCI6MTY3NjM0MzI3NywianRpIjoiMGZkNzE0YjAtNzFlYS00N2MxLWEyZWYtNTJkZGMxN2E4NTYxIiwiaXNzIjoiaHR0cDovLzE5Mi4xNjguMTk4LjEyMDo4MDgxL2F1dGgvcmVhbG1zL1FyeXB0b1JlYWxtIiwiYXVkIjoiaHR0cDovLzE5Mi4xNjguMTk4LjEyMDo4MDgxL2F1dGgvcmVhbG1zL1FyeXB0b1JlYWxtIiwic3ViIjoiNjU0MWJjYTgtZGQ1NS00OGIyLWE1NjktODJjNjBkYjk0OTUzIiwidHlwIjoiUmVmcmVzaCIsImF6cCI6InFyeXB0b1VzZXIiLCJzZXNzaW9uX3N0YXRlIjoiY2Q3OTY4YzAtNTU2Ni00YzJkLTg5ODAtMjRlOWM2ZmNkYjliIiwic2NvcGUiOiJwcm9maWxlIGVtYWlsIiwic2lkIjoiY2Q3OTY4YzAtNTU2Ni00YzJkLTg5ODAtMjRlOWM2ZmNkYjliIn0.EL9cAYOcF4s30jNKK3mTK7RH_NpSDBGFSNE0dnxWy_k","token_type":"Bearer","not-before-policy":0,"session_state":"cd7968c0-5566-4c2d-8980-24e9c6fcdb9b","scope":"profile email"}
2023-02-14 09:54:38,318 DEBUG v.m.i.g.HttpRequest [default task-4] Received response from server http://192.168.198.120:8081/auth/realms/QryptoRealm/protocol/openid-connect/token. HTTP status code: 200
Body: {"access_token":"eyJhbGciOiJSUzI1NiIsInR5cCIgOiAiSldUIiwia2lkIiA6ICIxSEFyRGRxRFFHYWRWX3dKaUpSLXItdjlUbUpVVldILURxSzRBM0xQT2xvIn0.eyJleHAiOjE2NzYzNDM1NzcsImlhdCI6MTY3NjM0MzI3NywianRpIjoiNzdiMzg5MDItMTQ3Ni00ZmFhLTk5NmEtMjlmMDQ3NDg5ZWFhIiwiaXNzIjoiaHR0cDovLzE5Mi4xNjguMTk4LjEyMDo4MDgxL2F1dGgvcmVhbG1zL1FyeXB0b1JlYWxtIiwiYXVkIjoiYWNjb3VudCIsInN1YiI6IjY1NDFiY2E4LWRkNTUtNDhiMi1hNTY5LTgyYzYwZGI5NDk1MyIsInR5cCI6IkJlYXJlciIsImF6cCI6InFyeXB0b1VzZXIiLCJzZXNzaW9uX3N0YXRlIjoiMmZjNDUxNGMtNDg0YS00MmY2LTg2MDgtNTdmZjA2MzcyZWY2IiwiYWNyIjoiMSIsInJlYWxtX2FjY2VzcyI6eyJyb2xlcyI6WyJkZWZhdWx0LXJvbGVzLXFyeXB0b3JlYWxtIiwib2ZmbGluZV9hY2Nlc3MiLCJ1bWFfYXV0aG9yaXphdGlvbiJdfSwicmVzb3VyY2VfYWNjZXNzIjp7ImFjY291bnQiOnsicm9sZXMiOlsibWFuYWdlLWFjY291bnQiLCJtYW5hZ2UtYWNjb3VudC1saW5rcyIsInZpZXctcHJvZmlsZSJdfX0sInNjb3BlIjoicHJvZmlsZSBlbWFpbCIsInNpZCI6IjJmYzQ1MTRjLTQ4NGEtNDJmNi04NjA4LTU3ZmYwNjM3MmVmNiIsImVtYWlsX3ZlcmlmaWVkIjpmYWxzZSwibmFtZSI6IlRhdCBHaWEiLCJwcmVmZXJyZWRfdXNlcm5hbWUiOiJ1c2VyMiIsImdpdmVuX25hbWUiOiJUYXQiLCJmYW1pbHlfbmFtZSI6IkdpYSIsImVtYWlsIjoiZ2lhdGtAbW9iaWxlLWlkLnZuIn0.Oqi35aqhEhLC-QYNl19zePldaRDhGFsG8-eS6AaPdzMsQCwH5DAagHFfa65yu-sb76FYtAyJL0Xq2ZrmYurNBTeS0gXpX2ECgHuOegq51O6DKPfoUt1s_WL9gcjK_scdO5h_rCe4Yz1_iRjcBLfahGutIKnhS7pnEaNNGb0qhBPFCXRp2P86jNNKo7Xy4m213pfNgdU-wW_OFig-Gtw5wp9j0fa6bKM7XnHxG8_97klYpTqhGy8tH1pzRLxVVCmEXyI05FvlUdrrBAUtxsT-gdER6CM8ewSQHZaMD1gFBN-wXpTsDXiNB2TZT8HSfuaMQMfLOswVruxXU3pFnda8SA","expires_in":300,"refresh_expires_in":1800,"refresh_token":"eyJhbGciOiJIUzI1NiIsInR5cCIgOiAiSldUIiwia2lkIiA6ICI4MTU4MzIzNC0xNjY2LTQ4Y2UtYmJjNy0zNGEwMjY1OTZjOWYifQ.eyJleHAiOjE2NzYzNDUwNzcsImlhdCI6MTY3NjM0MzI3NywianRpIjoiYWVkN2ExYjMtYTU1My00NDUzLWEwYWYtMzgxZTAwNjI2YjIxIiwiaXNzIjoiaHR0cDovLzE5Mi4xNjguMTk4LjEyMDo4MDgxL2F1dGgvcmVhbG1zL1FyeXB0b1JlYWxtIiwiYXVkIjoiaHR0cDovLzE5Mi4xNjguMTk4LjEyMDo4MDgxL2F1dGgvcmVhbG1zL1FyeXB0b1JlYWxtIiwic3ViIjoiNjU0MWJjYTgtZGQ1NS00OGIyLWE1NjktODJjNjBkYjk0OTUzIiwidHlwIjoiUmVmcmVzaCIsImF6cCI6InFyeXB0b1VzZXIiLCJzZXNzaW9uX3N0YXRlIjoiMmZjNDUxNGMtNDg0YS00MmY2LTg2MDgtNTdmZjA2MzcyZWY2Iiwic2NvcGUiOiJwcm9maWxlIGVtYWlsIiwic2lkIjoiMmZjNDUxNGMtNDg0YS00MmY2LTg2MDgtNTdmZjA2MzcyZWY2In0.otp-7GL5E9Pk23jZ2HKALMMf1MKTCFUJUpUUTsNLHR8","token_type":"Bearer","not-before-policy":0,"session_state":"2fc4514c-484a-42f6-8608-57ff06372ef6","scope":"profile email"}
2023-02-14 09:54:38,334 DEBUG v.m.i.g.HttpRequest [default task-9] Received response from server http://192.168.198.120:8081/auth/realms/QryptoRealm/protocol/openid-connect/token. HTTP status code: 200
Body: {"access_token":"eyJhbGciOiJSUzI1NiIsInR5cCIgOiAiSldUIiwia2lkIiA6ICIxSEFyRGRxRFFHYWRWX3dKaUpSLXItdjlUbUpVVldILURxSzRBM0xQT2xvIn0.eyJleHAiOjE2NzYzNDM1NzcsImlhdCI6MTY3NjM0MzI3NywianRpIjoiMTIwNDcxYjEtZTA1Yi00ODlmLTk4YWMtZTBiZWFkMmYyOTY2IiwiaXNzIjoiaHR0cDovLzE5Mi4xNjguMTk4LjEyMDo4MDgxL2F1dGgvcmVhbG1zL1FyeXB0b1JlYWxtIiwiYXVkIjoiYWNjb3VudCIsInN1YiI6IjY1NDFiY2E4LWRkNTUtNDhiMi1hNTY5LTgyYzYwZGI5NDk1MyIsInR5cCI6IkJlYXJlciIsImF6cCI6InFyeXB0b1VzZXIiLCJzZXNzaW9uX3N0YXRlIjoiZGM0MGI0YzUtNGJlYS00ZDFhLWFiZWYtZDc3N2UzNDRlYTAxIiwiYWNyIjoiMSIsInJlYWxtX2FjY2VzcyI6eyJyb2xlcyI6WyJkZWZhdWx0LXJvbGVzLXFyeXB0b3JlYWxtIiwib2ZmbGluZV9hY2Nlc3MiLCJ1bWFfYXV0aG9yaXphdGlvbiJdfSwicmVzb3VyY2VfYWNjZXNzIjp7ImFjY291bnQiOnsicm9sZXMiOlsibWFuYWdlLWFjY291bnQiLCJtYW5hZ2UtYWNjb3VudC1saW5rcyIsInZpZXctcHJvZmlsZSJdfX0sInNjb3BlIjoicHJvZmlsZSBlbWFpbCIsInNpZCI6ImRjNDBiNGM1LTRiZWEtNGQxYS1hYmVmLWQ3NzdlMzQ0ZWEwMSIsImVtYWlsX3ZlcmlmaWVkIjpmYWxzZSwibmFtZSI6IlRhdCBHaWEiLCJwcmVmZXJyZWRfdXNlcm5hbWUiOiJ1c2VyMiIsImdpdmVuX25hbWUiOiJUYXQiLCJmYW1pbHlfbmFtZSI6IkdpYSIsImVtYWlsIjoiZ2lhdGtAbW9iaWxlLWlkLnZuIn0.sSMYU0Z_qv8JEHW9KhytrmZZtNCLX8ZDR1_L2Rza69shXLvrSusFgDxvyQL1lwCGbEz79mUmLNvQIrHiHEbc-b1mtm5pHg9SPsdrgjzXVSEiL5GtK_GYujSJmuviTP8sfoposWpGcQGWkiyCqCFoFEyZrKLaKpROwcT7ISCL_U5cSPvD0JsT8KNRpMWaECTuOCAMCgRKTL0Y4MvLzT35XohEUkMcXgEnxGgsa2_2Ldk9Q168DhHvU1a1cJsEgmjK0au_ET_O_eDqj3AIREELH6a2NGpD3YXCIHvPBz2K1O1upEaO2-xFwmjuoHVBwKZtN-Knp4RMcTiPBqXnQT_5kA","expires_in":300,"refresh_expires_in":1800,"refresh_token":"eyJhbGciOiJIUzI1NiIsInR5cCIgOiAiSldUIiwia2lkIiA6ICI4MTU4MzIzNC0xNjY2LTQ4Y2UtYmJjNy0zNGEwMjY1OTZjOWYifQ.eyJleHAiOjE2NzYzNDUwNzcsImlhdCI6MTY3NjM0MzI3NywianRpIjoiM2E5NWJlMGUtNzNhNS00NWYxLTlmZTQtMDg0NGYzYTVlMDQxIiwiaXNzIjoiaHR0cDovLzE5Mi4xNjguMTk4LjEyMDo4MDgxL2F1dGgvcmVhbG1zL1FyeXB0b1JlYWxtIiwiYXVkIjoiaHR0cDovLzE5Mi4xNjguMTk4LjEyMDo4MDgxL2F1dGgvcmVhbG1zL1FyeXB0b1JlYWxtIiwic3ViIjoiNjU0MWJjYTgtZGQ1NS00OGIyLWE1NjktODJjNjBkYjk0OTUzIiwidHlwIjoiUmVmcmVzaCIsImF6cCI6InFyeXB0b1VzZXIiLCJzZXNzaW9uX3N0YXRlIjoiZGM0MGI0YzUtNGJlYS00ZDFhLWFiZWYtZDc3N2UzNDRlYTAxIiwic2NvcGUiOiJwcm9maWxlIGVtYWlsIiwic2lkIjoiZGM0MGI0YzUtNGJlYS00ZDFhLWFiZWYtZDc3N2UzNDRlYTAxIn0.NfQ9yiFZ6Z5TrQv3eAl9aH3zowQmTwmCOXvegyUf65k","token_type":"Bearer","not-before-policy":0,"session_state":"dc40b4c5-4bea-4d1a-abef-d777e344ea01","scope":"profile email"}
2023-02-14 09:54:38,352 DEBUG v.m.i.g.HttpRequest [default task-8] Received response from server http://192.168.198.120:8081/auth/realms/QryptoRealm/protocol/openid-connect/token. HTTP status code: 200
Body: {"access_token":"eyJhbGciOiJSUzI1NiIsInR5cCIgOiAiSldUIiwia2lkIiA6ICIxSEFyRGRxRFFHYWRWX3dKaUpSLXItdjlUbUpVVldILURxSzRBM0xQT2xvIn0.eyJleHAiOjE2NzYzNDM1NzcsImlhdCI6MTY3NjM0MzI3NywianRpIjoiY2UzYjMxMzQtN2E5ZS00YjBhLWFkZGEtNzlmYTY5YzYwNWMwIiwiaXNzIjoiaHR0cDovLzE5Mi4xNjguMTk4LjEyMDo4MDgxL2F1dGgvcmVhbG1zL1FyeXB0b1JlYWxtIiwiYXVkIjoiYWNjb3VudCIsInN1YiI6IjY1NDFiY2E4LWRkNTUtNDhiMi1hNTY5LTgyYzYwZGI5NDk1MyIsInR5cCI6IkJlYXJlciIsImF6cCI6InFyeXB0b1VzZXIiLCJzZXNzaW9uX3N0YXRlIjoiMmYyZGIyZjEtN2E0Ny00MTZkLThlN2ItYzQ2NTE1NzNiNmViIiwiYWNyIjoiMSIsInJlYWxtX2FjY2VzcyI6eyJyb2xlcyI6WyJkZWZhdWx0LXJvbGVzLXFyeXB0b3JlYWxtIiwib2ZmbGluZV9hY2Nlc3MiLCJ1bWFfYXV0aG9yaXphdGlvbiJdfSwicmVzb3VyY2VfYWNjZXNzIjp7ImFjY291bnQiOnsicm9sZXMiOlsibWFuYWdlLWFjY291bnQiLCJtYW5hZ2UtYWNjb3VudC1saW5rcyIsInZpZXctcHJvZmlsZSJdfX0sInNjb3BlIjoicHJvZmlsZSBlbWFpbCIsInNpZCI6IjJmMmRiMmYxLTdhNDctNDE2ZC04ZTdiLWM0NjUxNTczYjZlYiIsImVtYWlsX3ZlcmlmaWVkIjpmYWxzZSwibmFtZSI6IlRhdCBHaWEiLCJwcmVmZXJyZWRfdXNlcm5hbWUiOiJ1c2VyMiIsImdpdmVuX25hbWUiOiJUYXQiLCJmYW1pbHlfbmFtZSI6IkdpYSIsImVtYWlsIjoiZ2lhdGtAbW9iaWxlLWlkLnZuIn0.rJF4a65TlFzJ-3b_XPnRse3WmfDEQB4eVmeDJBqitIqoVW3TfCKL2rNi5d4n4Ho5mJs-2Vg4PWvO4Y9JMbCbrCUIGVOP6NH4Zc5LjvVUx_dgmRY9TWTQHYU4126F2K-7ZXCe1K33A9fgCIDf116N07eD87SniQ6WDgCfvli8_lHy5fK-3zySdzVNnfzyMwC_1a-Y_llL39JRmKfmOHN7YwIqt4Lw9HhzahVZ121TMLOR0iwZX5OSzs7uOPhC4tg88P9mz68jgtMRJVEQXzHy1sb6Wu54wxyuEn5Nsbqyl83XzuCq2JGKr9Qre28BSL5TYjHanK7-4euKE-Crb0eDrg","expires_in":300,"refresh_expires_in":1800,"refresh_token":"eyJhbGciOiJIUzI1NiIsInR5cCIgOiAiSldUIiwia2lkIiA6ICI4MTU4MzIzNC0xNjY2LTQ4Y2UtYmJjNy0zNGEwMjY1OTZjOWYifQ.eyJleHAiOjE2NzYzNDUwNzcsImlhdCI6MTY3NjM0MzI3NywianRpIjoiNTQ4ZDZiMDItYTk5OC00NDI3LWE0OGEtN2M5ZjRjMTEyMWEyIiwiaXNzIjoiaHR0cDovLzE5Mi4xNjguMTk4LjEyMDo4MDgxL2F1dGgvcmVhbG1zL1FyeXB0b1JlYWxtIiwiYXVkIjoiaHR0cDovLzE5Mi4xNjguMTk4LjEyMDo4MDgxL2F1dGgvcmVhbG1zL1FyeXB0b1JlYWxtIiwic3ViIjoiNjU0MWJjYTgtZGQ1NS00OGIyLWE1NjktODJjNjBkYjk0OTUzIiwidHlwIjoiUmVmcmVzaCIsImF6cCI6InFyeXB0b1VzZXIiLCJzZXNzaW9uX3N0YXRlIjoiMmYyZGIyZjEtN2E0Ny00MTZkLThlN2ItYzQ2NTE1NzNiNmViIiwic2NvcGUiOiJwcm9maWxlIGVtYWlsIiwic2lkIjoiMmYyZGIyZjEtN2E0Ny00MTZkLThlN2ItYzQ2NTE1NzNiNmViIn0.WJnuhdwetuasrOuPhmV8PkebrxBKKJ8-gn5Fz4Qmyzc","token_type":"Bearer","not-before-policy":0,"session_state":"2f2db2f1-7a47-416d-8e7b-c4651573b6eb","scope":"profile email"}
2023-02-14 09:54:55,936 DEBUG v.m.i.g.a.ServicesController [default task-10] 
---------
Get WorkflowTemplateType request:
	METHOD:GET
	ContentType:null
	Body:null
2023-02-14 09:54:55,936 INFO v.m.i.q.k.ManageToken [default task-10] Checking Header!!
2023-02-14 09:54:55,937 INFO v.m.i.q.k.ManageToken [default task-10] Token:Bearer eyJhbGciOiJSUzI1NiIsInR5cCIgOiAiSldUIiwia2lkIiA6ICIxSEFyRGRxRFFHYWRWX3dKaUpSLXItdjlUbUpVVldILURxSzRBM0xQT2xvIn0.eyJleHAiOjE2NzYzNDM1NzcsImlhdCI6MTY3NjM0MzI3NywianRpIjoiMTIwNDcxYjEtZTA1Yi00ODlmLTk4YWMtZTBiZWFkMmYyOTY2IiwiaXNzIjoiaHR0cDovLzE5Mi4xNjguMTk4LjEyMDo4MDgxL2F1dGgvcmVhbG1zL1FyeXB0b1JlYWxtIiwiYXVkIjoiYWNjb3VudCIsInN1YiI6IjY1NDFiY2E4LWRkNTUtNDhiMi1hNTY5LTgyYzYwZGI5NDk1MyIsInR5cCI6IkJlYXJlciIsImF6cCI6InFyeXB0b1VzZXIiLCJzZXNzaW9uX3N0YXRlIjoiZGM0MGI0YzUtNGJlYS00ZDFhLWFiZWYtZDc3N2UzNDRlYTAxIiwiYWNyIjoiMSIsInJlYWxtX2FjY2VzcyI6eyJyb2xlcyI6WyJkZWZhdWx0LXJvbGVzLXFyeXB0b3JlYWxtIiwib2ZmbGluZV9hY2Nlc3MiLCJ1bWFfYXV0aG9yaXphdGlvbiJdfSwicmVzb3VyY2VfYWNjZXNzIjp7ImFjY291bnQiOnsicm9sZXMiOlsibWFuYWdlLWFjY291bnQiLCJtYW5hZ2UtYWNjb3VudC1saW5rcyIsInZpZXctcHJvZmlsZSJdfX0sInNjb3BlIjoicHJvZmlsZSBlbWFpbCIsInNpZCI6ImRjNDBiNGM1LTRiZWEtNGQxYS1hYmVmLWQ3NzdlMzQ0ZWEwMSIsImVtYWlsX3ZlcmlmaWVkIjpmYWxzZSwibmFtZSI6IlRhdCBHaWEiLCJwcmVmZXJyZWRfdXNlcm5hbWUiOiJ1c2VyMiIsImdpdmVuX25hbWUiOiJUYXQiLCJmYW1pbHlfbmFtZSI6IkdpYSIsImVtYWlsIjoiZ2lhdGtAbW9iaWxlLWlkLnZuIn0.sSMYU0Z_qv8JEHW9KhytrmZZtNCLX8ZDR1_L2Rza69shXLvrSusFgDxvyQL1lwCGbEz79mUmLNvQIrHiHEbc-b1mtm5pHg9SPsdrgjzXVSEiL5GtK_GYujSJmuviTP8sfoposWpGcQGWkiyCqCFoFEyZrKLaKpROwcT7ISCL_U5cSPvD0JsT8KNRpMWaECTuOCAMCgRKTL0Y4MvLzT35XohEUkMcXgEnxGgsa2_2Ldk9Q168DhHvU1a1cJsEgmjK0au_ET_O_eDqj3AIREELH6a2NGpD3YXCIHvPBz2K1O1upEaO2-xFwmjuoHVBwKZtN-Knp4RMcTiPBqXnQT_5kA
2023-02-14 09:54:55,938 DEBUG v.m.i.g.k.KeyCloakInvocation [default task-10] Verify accessToken
2023-02-14 09:54:55,938 DEBUG v.m.i.g.k.KeyCloakInvocation [default task-10] Before decode token
2023-02-14 09:54:55,939 DEBUG v.m.i.g.k.KeyCloakInvocation [default task-10] Header:eyJhbGciOiJSUzI1NiIsInR5cCIgOiAiSldUIiwia2lkIiA6ICIxSEFyRGRxRFFHYWRWX3dKaUpSLXItdjlUbUpVVldILURxSzRBM0xQT2xvIn0
2023-02-14 09:54:55,939 DEBUG v.m.i.g.k.KeyCloakInvocation [default task-10] Payload:eyJleHAiOjE2NzYzNDM1NzcsImlhdCI6MTY3NjM0MzI3NywianRpIjoiMTIwNDcxYjEtZTA1Yi00ODlmLTk4YWMtZTBiZWFkMmYyOTY2IiwiaXNzIjoiaHR0cDovLzE5Mi4xNjguMTk4LjEyMDo4MDgxL2F1dGgvcmVhbG1zL1FyeXB0b1JlYWxtIiwiYXVkIjoiYWNjb3VudCIsInN1YiI6IjY1NDFiY2E4LWRkNTUtNDhiMi1hNTY5LTgyYzYwZGI5NDk1MyIsInR5cCI6IkJlYXJlciIsImF6cCI6InFyeXB0b1VzZXIiLCJzZXNzaW9uX3N0YXRlIjoiZGM0MGI0YzUtNGJlYS00ZDFhLWFiZWYtZDc3N2UzNDRlYTAxIiwiYWNyIjoiMSIsInJlYWxtX2FjY2VzcyI6eyJyb2xlcyI6WyJkZWZhdWx0LXJvbGVzLXFyeXB0b3JlYWxtIiwib2ZmbGluZV9hY2Nlc3MiLCJ1bWFfYXV0aG9yaXphdGlvbiJdfSwicmVzb3VyY2VfYWNjZXNzIjp7ImFjY291bnQiOnsicm9sZXMiOlsibWFuYWdlLWFjY291bnQiLCJtYW5hZ2UtYWNjb3VudC1saW5rcyIsInZpZXctcHJvZmlsZSJdfX0sInNjb3BlIjoicHJvZmlsZSBlbWFpbCIsInNpZCI6ImRjNDBiNGM1LTRiZWEtNGQxYS1hYmVmLWQ3NzdlMzQ0ZWEwMSIsImVtYWlsX3ZlcmlmaWVkIjpmYWxzZSwibmFtZSI6IlRhdCBHaWEiLCJwcmVmZXJyZWRfdXNlcm5hbWUiOiJ1c2VyMiIsImdpdmVuX25hbWUiOiJUYXQiLCJmYW1pbHlfbmFtZSI6IkdpYSIsImVtYWlsIjoiZ2lhdGtAbW9iaWxlLWlkLnZuIn0
2023-02-14 09:54:55,939 DEBUG v.m.i.g.k.KeyCloakInvocation [default task-10] Signature:sSMYU0Z_qv8JEHW9KhytrmZZtNCLX8ZDR1_L2Rza69shXLvrSusFgDxvyQL1lwCGbEz79mUmLNvQIrHiHEbc-b1mtm5pHg9SPsdrgjzXVSEiL5GtK_GYujSJmuviTP8sfoposWpGcQGWkiyCqCFoFEyZrKLaKpROwcT7ISCL_U5cSPvD0JsT8KNRpMWaECTuOCAMCgRKTL0Y4MvLzT35XohEUkMcXgEnxGgsa2_2Ldk9Q168DhHvU1a1cJsEgmjK0au_ET_O_eDqj3AIREELH6a2NGpD3YXCIHvPBz2K1O1upEaO2-xFwmjuoHVBwKZtN-Knp4RMcTiPBqXnQT_5kA
2023-02-14 09:54:55,939 DEBUG v.m.i.g.k.KeyCloakInvocation [default task-10] Header:{"alg":"RS256","typ" : "JWT","kid" : "1HArDdqDQGadV_wJiJR-r-v9TmJUVWH-DqK4A3LPOlo"}
2023-02-14 09:54:55,939 DEBUG v.m.i.g.k.KeyCloakInvocation [default task-10] Alg:RS256
2023-02-14 09:54:55,939 DEBUG v.m.i.g.k.KeyCloakInvocation [default task-10] Payload:{"exp":1676343577,"iat":1676343277,"jti":"120471b1-e05b-489f-98ac-e0bead2f2966","iss":"http://192.168.198.120:8081/auth/realms/QryptoRealm","aud":"account","sub":"6541bca8-dd55-48b2-a569-82c60db94953","typ":"Bearer","azp":"qryptoUser","session_state":"dc40b4c5-4bea-4d1a-abef-d777e344ea01","acr":"1","realm_access":{"roles":["default-roles-qryptorealm","offline_access","uma_authorization"]},"resource_access":{"account":{"roles":["manage-account","manage-account-links","view-profile"]}},"scope":"profile email","sid":"dc40b4c5-4bea-4d1a-abef-d777e344ea01","email_verified":false,"name":"Tat Gia","preferred_username":"user2","given_name":"Tat","family_name":"Gia","email":"giatk@mobile-id.vn"}
2023-02-14 09:54:55,939 DEBUG v.m.i.g.k.KeyCloakInvocation [default task-10] Signature:sSMYU0Z_qv8JEHW9KhytrmZZtNCLX8ZDR1_L2Rza69shXLvrSusFgDxvyQL1lwCGbEz79mUmLNvQIrHiHEbc-b1mtm5pHg9SPsdrgjzXVSEiL5GtK_GYujSJmuviTP8sfoposWpGcQGWkiyCqCFoFEyZrKLaKpROwcT7ISCL_U5cSPvD0JsT8KNRpMWaECTuOCAMCgRKTL0Y4MvLzT35XohEUkMcXgEnxGgsa2_2Ldk9Q168DhHvU1a1cJsEgmjK0au_ET_O_eDqj3AIREELH6a2NGpD3YXCIHvPBz2K1O1upEaO2-xFwmjuoHVBwKZtN-Knp4RMcTiPBqXnQT_5kA
2023-02-14 09:54:55,944 INFO v.m.i.g.k.KeyCloakInvocation [default task-10] Verify Token
2023-02-14 09:54:56,091 DEBUG v.m.i.g.HttpRequest [default task-10] Received response from server http://192.168.198.120:8081/auth/realms/QryptoRealm/protocol/openid-connect/userinfo. HTTP status code: 200
Body: {"sub":"6541bca8-dd55-48b2-a569-82c60db94953","email_verified":false,"name":"Tat Gia","preferred_username":"user2","given_name":"Tat","family_name":"Gia","email":"giatk@mobile-id.vn"}
2023-02-14 09:54:56,091 DEBUG v.m.i.q.QryptoService [default task-10] Check Token Successfully
2023-02-14 09:54:56,173 DEBUG v.m.i.g.d.DatabaseImpl [default task-10] [SQL] com.mysql.cj.jdbc.CallableStatement: CALL USP_TEMPLATE_TYPE_GET() 
2023-02-14 09:54:56,176 DEBUG v.m.i.g.d.DatabaseImpl [default task-10] Execution time of get Workflow template in milliseconds: 85
2023-02-14 09:55:04,555 DEBUG v.m.i.g.a.ServicesController [default task-11] 
---------
GetWorkflowTemplate request:
	METHOD:GET
	ContentType:null
	Body:null
2023-02-14 09:55:04,555 INFO v.m.i.q.k.ManageToken [default task-11] Checking Header!!
2023-02-14 09:55:04,555 INFO v.m.i.q.k.ManageToken [default task-11] Token:Bearer eyJhbGciOiJSUzI1NiIsInR5cCIgOiAiSldUIiwia2lkIiA6ICIxSEFyRGRxRFFHYWRWX3dKaUpSLXItdjlUbUpVVldILURxSzRBM0xQT2xvIn0.eyJleHAiOjE2NzYzNDM1NzcsImlhdCI6MTY3NjM0MzI3NywianRpIjoiMTIwNDcxYjEtZTA1Yi00ODlmLTk4YWMtZTBiZWFkMmYyOTY2IiwiaXNzIjoiaHR0cDovLzE5Mi4xNjguMTk4LjEyMDo4MDgxL2F1dGgvcmVhbG1zL1FyeXB0b1JlYWxtIiwiYXVkIjoiYWNjb3VudCIsInN1YiI6IjY1NDFiY2E4LWRkNTUtNDhiMi1hNTY5LTgyYzYwZGI5NDk1MyIsInR5cCI6IkJlYXJlciIsImF6cCI6InFyeXB0b1VzZXIiLCJzZXNzaW9uX3N0YXRlIjoiZGM0MGI0YzUtNGJlYS00ZDFhLWFiZWYtZDc3N2UzNDRlYTAxIiwiYWNyIjoiMSIsInJlYWxtX2FjY2VzcyI6eyJyb2xlcyI6WyJkZWZhdWx0LXJvbGVzLXFyeXB0b3JlYWxtIiwib2ZmbGluZV9hY2Nlc3MiLCJ1bWFfYXV0aG9yaXphdGlvbiJdfSwicmVzb3VyY2VfYWNjZXNzIjp7ImFjY291bnQiOnsicm9sZXMiOlsibWFuYWdlLWFjY291bnQiLCJtYW5hZ2UtYWNjb3VudC1saW5rcyIsInZpZXctcHJvZmlsZSJdfX0sInNjb3BlIjoicHJvZmlsZSBlbWFpbCIsInNpZCI6ImRjNDBiNGM1LTRiZWEtNGQxYS1hYmVmLWQ3NzdlMzQ0ZWEwMSIsImVtYWlsX3ZlcmlmaWVkIjpmYWxzZSwibmFtZSI6IlRhdCBHaWEiLCJwcmVmZXJyZWRfdXNlcm5hbWUiOiJ1c2VyMiIsImdpdmVuX25hbWUiOiJUYXQiLCJmYW1pbHlfbmFtZSI6IkdpYSIsImVtYWlsIjoiZ2lhdGtAbW9iaWxlLWlkLnZuIn0.sSMYU0Z_qv8JEHW9KhytrmZZtNCLX8ZDR1_L2Rza69shXLvrSusFgDxvyQL1lwCGbEz79mUmLNvQIrHiHEbc-b1mtm5pHg9SPsdrgjzXVSEiL5GtK_GYujSJmuviTP8sfoposWpGcQGWkiyCqCFoFEyZrKLaKpROwcT7ISCL_U5cSPvD0JsT8KNRpMWaECTuOCAMCgRKTL0Y4MvLzT35XohEUkMcXgEnxGgsa2_2Ldk9Q168DhHvU1a1cJsEgmjK0au_ET_O_eDqj3AIREELH6a2NGpD3YXCIHvPBz2K1O1upEaO2-xFwmjuoHVBwKZtN-Knp4RMcTiPBqXnQT_5kA
2023-02-14 09:55:04,556 DEBUG v.m.i.g.k.KeyCloakInvocation [default task-11] Verify accessToken
2023-02-14 09:55:04,556 DEBUG v.m.i.g.k.KeyCloakInvocation [default task-11] Before decode token
2023-02-14 09:55:04,557 DEBUG v.m.i.g.k.KeyCloakInvocation [default task-11] Header:eyJhbGciOiJSUzI1NiIsInR5cCIgOiAiSldUIiwia2lkIiA6ICIxSEFyRGRxRFFHYWRWX3dKaUpSLXItdjlUbUpVVldILURxSzRBM0xQT2xvIn0
2023-02-14 09:55:04,557 DEBUG v.m.i.g.k.KeyCloakInvocation [default task-11] Payload:eyJleHAiOjE2NzYzNDM1NzcsImlhdCI6MTY3NjM0MzI3NywianRpIjoiMTIwNDcxYjEtZTA1Yi00ODlmLTk4YWMtZTBiZWFkMmYyOTY2IiwiaXNzIjoiaHR0cDovLzE5Mi4xNjguMTk4LjEyMDo4MDgxL2F1dGgvcmVhbG1zL1FyeXB0b1JlYWxtIiwiYXVkIjoiYWNjb3VudCIsInN1YiI6IjY1NDFiY2E4LWRkNTUtNDhiMi1hNTY5LTgyYzYwZGI5NDk1MyIsInR5cCI6IkJlYXJlciIsImF6cCI6InFyeXB0b1VzZXIiLCJzZXNzaW9uX3N0YXRlIjoiZGM0MGI0YzUtNGJlYS00ZDFhLWFiZWYtZDc3N2UzNDRlYTAxIiwiYWNyIjoiMSIsInJlYWxtX2FjY2VzcyI6eyJyb2xlcyI6WyJkZWZhdWx0LXJvbGVzLXFyeXB0b3JlYWxtIiwib2ZmbGluZV9hY2Nlc3MiLCJ1bWFfYXV0aG9yaXphdGlvbiJdfSwicmVzb3VyY2VfYWNjZXNzIjp7ImFjY291bnQiOnsicm9sZXMiOlsibWFuYWdlLWFjY291bnQiLCJtYW5hZ2UtYWNjb3VudC1saW5rcyIsInZpZXctcHJvZmlsZSJdfX0sInNjb3BlIjoicHJvZmlsZSBlbWFpbCIsInNpZCI6ImRjNDBiNGM1LTRiZWEtNGQxYS1hYmVmLWQ3NzdlMzQ0ZWEwMSIsImVtYWlsX3ZlcmlmaWVkIjpmYWxzZSwibmFtZSI6IlRhdCBHaWEiLCJwcmVmZXJyZWRfdXNlcm5hbWUiOiJ1c2VyMiIsImdpdmVuX25hbWUiOiJUYXQiLCJmYW1pbHlfbmFtZSI6IkdpYSIsImVtYWlsIjoiZ2lhdGtAbW9iaWxlLWlkLnZuIn0
2023-02-14 09:55:04,557 DEBUG v.m.i.g.k.KeyCloakInvocation [default task-11] Signature:sSMYU0Z_qv8JEHW9KhytrmZZtNCLX8ZDR1_L2Rza69shXLvrSusFgDxvyQL1lwCGbEz79mUmLNvQIrHiHEbc-b1mtm5pHg9SPsdrgjzXVSEiL5GtK_GYujSJmuviTP8sfoposWpGcQGWkiyCqCFoFEyZrKLaKpROwcT7ISCL_U5cSPvD0JsT8KNRpMWaECTuOCAMCgRKTL0Y4MvLzT35XohEUkMcXgEnxGgsa2_2Ldk9Q168DhHvU1a1cJsEgmjK0au_ET_O_eDqj3AIREELH6a2NGpD3YXCIHvPBz2K1O1upEaO2-xFwmjuoHVBwKZtN-Knp4RMcTiPBqXnQT_5kA
2023-02-14 09:55:04,557 DEBUG v.m.i.g.k.KeyCloakInvocation [default task-11] Header:{"alg":"RS256","typ" : "JWT","kid" : "1HArDdqDQGadV_wJiJR-r-v9TmJUVWH-DqK4A3LPOlo"}
2023-02-14 09:55:04,557 DEBUG v.m.i.g.k.KeyCloakInvocation [default task-11] Alg:RS256
2023-02-14 09:55:04,557 DEBUG v.m.i.g.k.KeyCloakInvocation [default task-11] Payload:{"exp":1676343577,"iat":1676343277,"jti":"120471b1-e05b-489f-98ac-e0bead2f2966","iss":"http://192.168.198.120:8081/auth/realms/QryptoRealm","aud":"account","sub":"6541bca8-dd55-48b2-a569-82c60db94953","typ":"Bearer","azp":"qryptoUser","session_state":"dc40b4c5-4bea-4d1a-abef-d777e344ea01","acr":"1","realm_access":{"roles":["default-roles-qryptorealm","offline_access","uma_authorization"]},"resource_access":{"account":{"roles":["manage-account","manage-account-links","view-profile"]}},"scope":"profile email","sid":"dc40b4c5-4bea-4d1a-abef-d777e344ea01","email_verified":false,"name":"Tat Gia","preferred_username":"user2","given_name":"Tat","family_name":"Gia","email":"giatk@mobile-id.vn"}
2023-02-14 09:55:04,558 DEBUG v.m.i.g.k.KeyCloakInvocation [default task-11] Signature:sSMYU0Z_qv8JEHW9KhytrmZZtNCLX8ZDR1_L2Rza69shXLvrSusFgDxvyQL1lwCGbEz79mUmLNvQIrHiHEbc-b1mtm5pHg9SPsdrgjzXVSEiL5GtK_GYujSJmuviTP8sfoposWpGcQGWkiyCqCFoFEyZrKLaKpROwcT7ISCL_U5cSPvD0JsT8KNRpMWaECTuOCAMCgRKTL0Y4MvLzT35XohEUkMcXgEnxGgsa2_2Ldk9Q168DhHvU1a1cJsEgmjK0au_ET_O_eDqj3AIREELH6a2NGpD3YXCIHvPBz2K1O1upEaO2-xFwmjuoHVBwKZtN-Knp4RMcTiPBqXnQT_5kA
2023-02-14 09:55:04,561 INFO v.m.i.g.k.KeyCloakInvocation [default task-11] Verify Token
2023-02-14 09:55:04,592 DEBUG v.m.i.g.HttpRequest [default task-11] Received response from server http://192.168.198.120:8081/auth/realms/QryptoRealm/protocol/openid-connect/userinfo. HTTP status code: 200
Body: {"sub":"6541bca8-dd55-48b2-a569-82c60db94953","email_verified":false,"name":"Tat Gia","preferred_username":"user2","given_name":"Tat","family_name":"Gia","email":"giatk@mobile-id.vn"}
2023-02-14 09:55:04,592 DEBUG v.m.i.q.QryptoService [default task-11] Check Token Successfully
2023-02-14 09:55:04,603 DEBUG v.m.i.g.d.DatabaseImpl [default task-11] [SQL] com.mysql.cj.jdbc.CallableStatement: CALL USP_WORKFLOW_TEMPLATE_GET(48,** NOT SPECIFIED **) 
2023-02-14 09:55:04,664 ERROR v.m.i.g.d.DatabaseImpl [default task-11] Error while getting Workflow Template. Details: java.sql.SQLException: Illegal operation on empty result set.
	at com.mysql.cj.jdbc.exceptions.SQLError.createSQLException(SQLError.java:129)
	at com.mysql.cj.jdbc.exceptions.SQLError.createSQLException(SQLError.java:97)
	at com.mysql.cj.jdbc.exceptions.SQLError.createSQLException(SQLError.java:89)
	at com.mysql.cj.jdbc.exceptions.SQLError.createSQLException(SQLError.java:63)
	at com.mysql.cj.jdbc.result.ResultSetImpl.checkRowPos(ResultSetImpl.java:532)
	at com.mysql.cj.jdbc.result.ResultSetImpl.getObject(ResultSetImpl.java:1322)
	at com.mysql.cj.jdbc.result.ResultSetImpl.getInt(ResultSetImpl.java:830)
	at com.mysql.cj.jdbc.result.ResultSetImpl.getInt(ResultSetImpl.java:851)
	at org.apache.commons.dbcp2.DelegatingResultSet.getInt(DelegatingResultSet.java:633)
	at org.apache.commons.dbcp2.DelegatingResultSet.getInt(DelegatingResultSet.java:633)
	at vn.mobileid.id.general.database.DatabaseImpl.getWorkflowTemplate(DatabaseImpl.java:1512)
	at vn.mobileid.id.qrypto.kernel.GetWorkflowTemplate.getWorkflowTemplate(GetWorkflowTemplate.java:33)
	at vn.mobileid.id.qrypto.QryptoService.getWorkflowTemplate(QryptoService.java:778)
	at vn.mobileid.id.general.api.ServicesController.getWorkflowTemplate(ServicesController.java:383)
	at sun.reflect.NativeMethodAccessorImpl.invoke0(Native Method)
	at sun.reflect.NativeMethodAccessorImpl.invoke(NativeMethodAccessorImpl.java:62)
	at sun.reflect.DelegatingMethodAccessorImpl.invoke(DelegatingMethodAccessorImpl.java:43)
	at java.lang.reflect.Method.invoke(Method.java:498)
	at org.glassfish.jersey.server.model.internal.ResourceMethodInvocationHandlerFactory$1.invoke(ResourceMethodInvocationHandlerFactory.java:81)
	at org.glassfish.jersey.server.model.internal.AbstractJavaResourceMethodDispatcher$1.run(AbstractJavaResourceMethodDispatcher.java:144)
	at org.glassfish.jersey.server.model.internal.AbstractJavaResourceMethodDispatcher.invoke(AbstractJavaResourceMethodDispatcher.java:161)
	at org.glassfish.jersey.server.model.internal.JavaResourceMethodDispatcherProvider$ResponseOutInvoker.doDispatch(JavaResourceMethodDispatcherProvider.java:160)
	at org.glassfish.jersey.server.model.internal.AbstractJavaResourceMethodDispatcher.dispatch(AbstractJavaResourceMethodDispatcher.java:99)
	at org.glassfish.jersey.server.model.ResourceMethodInvoker.invoke(ResourceMethodInvoker.java:389)
	at org.glassfish.jersey.server.model.ResourceMethodInvoker.apply(ResourceMethodInvoker.java:347)
	at org.glassfish.jersey.server.model.ResourceMethodInvoker.apply(ResourceMethodInvoker.java:102)
	at org.glassfish.jersey.server.ServerRuntime$2.run(ServerRuntime.java:326)
	at org.glassfish.jersey.internal.Errors$1.call(Errors.java:271)
	at org.glassfish.jersey.internal.Errors$1.call(Errors.java:267)
	at org.glassfish.jersey.internal.Errors.process(Errors.java:315)
	at org.glassfish.jersey.internal.Errors.process(Errors.java:297)
	at org.glassfish.jersey.internal.Errors.process(Errors.java:267)
	at org.glassfish.jersey.process.internal.RequestScope.runInScope(RequestScope.java:317)
	at org.glassfish.jersey.server.ServerRuntime.process(ServerRuntime.java:305)
	at org.glassfish.jersey.server.ApplicationHandler.handle(ApplicationHandler.java:1154)
	at org.glassfish.jersey.servlet.WebComponent.serviceImpl(WebComponent.java:473)
	at org.glassfish.jersey.servlet.WebComponent.service(WebComponent.java:427)
	at org.glassfish.jersey.servlet.ServletContainer.service(ServletContainer.java:388)
	at org.glassfish.jersey.servlet.ServletContainer.service(ServletContainer.java:341)
	at org.glassfish.jersey.servlet.ServletContainer.service(ServletContainer.java:228)
	at io.undertow.servlet.handlers.ServletHandler.handleRequest(ServletHandler.java:85)
	at io.undertow.servlet.handlers.security.ServletSecurityRoleHandler.handleRequest(ServletSecurityRoleHandler.java:62)
	at io.undertow.servlet.handlers.ServletDispatchingHandler.handleRequest(ServletDispatchingHandler.java:36)
	at org.wildfly.extension.undertow.security.SecurityContextAssociationHandler.handleRequest(SecurityContextAssociationHandler.java:78)
	at io.undertow.server.handlers.PredicateHandler.handleRequest(PredicateHandler.java:43)
	at io.undertow.servlet.handlers.security.SSLInformationAssociationHandler.handleRequest(SSLInformationAssociationHandler.java:131)
	at io.undertow.servlet.handlers.security.ServletAuthenticationCallHandler.handleRequest(ServletAuthenticationCallHandler.java:57)
	at io.undertow.server.handlers.PredicateHandler.handleRequest(PredicateHandler.java:43)
	at io.undertow.security.handlers.AbstractConfidentialityHandler.handleRequest(AbstractConfidentialityHandler.java:46)
	at io.undertow.servlet.handlers.security.ServletConfidentialityConstraintHandler.handleRequest(ServletConfidentialityConstraintHandler.java:64)
	at io.undertow.security.handlers.AuthenticationMechanismsHandler.handleRequest(AuthenticationMechanismsHandler.java:60)
	at io.undertow.servlet.handlers.security.CachedAuthenticatedSessionHandler.handleRequest(CachedAuthenticatedSessionHandler.java:77)
	at io.undertow.security.handlers.NotificationReceiverHandler.handleRequest(NotificationReceiverHandler.java:50)
	at io.undertow.security.handlers.AbstractSecurityContextAssociationHandler.handleRequest(AbstractSecurityContextAssociationHandler.java:43)
	at io.undertow.server.handlers.PredicateHandler.handleRequest(PredicateHandler.java:43)
	at org.wildfly.extension.undertow.security.jacc.JACCContextIdHandler.handleRequest(JACCContextIdHandler.java:61)
	at io.undertow.server.handlers.PredicateHandler.handleRequest(PredicateHandler.java:43)
	at io.undertow.server.handlers.PredicateHandler.handleRequest(PredicateHandler.java:43)
	at io.undertow.servlet.handlers.ServletInitialHandler.handleFirstRequest(ServletInitialHandler.java:292)
	at io.undertow.servlet.handlers.ServletInitialHandler.access$100(ServletInitialHandler.java:81)
	at io.undertow.servlet.handlers.ServletInitialHandler$2.call(ServletInitialHandler.java:138)
	at io.undertow.servlet.handlers.ServletInitialHandler$2.call(ServletInitialHandler.java:135)
	at io.undertow.servlet.core.ServletRequestContextThreadSetupAction$1.call(ServletRequestContextThreadSetupAction.java:48)
	at io.undertow.servlet.core.ContextClassLoaderSetupAction$1.call(ContextClassLoaderSetupAction.java:43)
	at io.undertow.servlet.api.LegacyThreadSetupActionWrapper$1.call(LegacyThreadSetupActionWrapper.java:44)
	at io.undertow.servlet.api.LegacyThreadSetupActionWrapper$1.call(LegacyThreadSetupActionWrapper.java:44)
	at io.undertow.servlet.api.LegacyThreadSetupActionWrapper$1.call(LegacyThreadSetupActionWrapper.java:44)
	at io.undertow.servlet.api.LegacyThreadSetupActionWrapper$1.call(LegacyThreadSetupActionWrapper.java:44)
	at io.undertow.servlet.api.LegacyThreadSetupActionWrapper$1.call(LegacyThreadSetupActionWrapper.java:44)
	at io.undertow.servlet.handlers.ServletInitialHandler.dispatchRequest(ServletInitialHandler.java:272)
	at io.undertow.servlet.handlers.ServletInitialHandler.access$000(ServletInitialHandler.java:81)
	at io.undertow.servlet.handlers.ServletInitialHandler$1.handleRequest(ServletInitialHandler.java:104)
	at io.undertow.server.Connectors.executeRootHandler(Connectors.java:202)
	at io.undertow.server.HttpServerExchange$1.run(HttpServerExchange.java:805)
	at java.util.concurrent.ThreadPoolExecutor.runWorker(ThreadPoolExecutor.java:1149)
	at java.util.concurrent.ThreadPoolExecutor$Worker.run(ThreadPoolExecutor.java:624)
	at java.lang.Thread.run(Thread.java:748)

2023-02-14 09:55:04,669 DEBUG v.m.i.g.d.DatabaseImpl [default task-11] [SQL] com.mysql.cj.jdbc.CallableStatement: CALL USP_WORKFLOW_TEMPLATE_GET(48,** NOT SPECIFIED **) 
2023-02-14 09:55:04,724 ERROR v.m.i.g.d.DatabaseImpl [default task-11] Error while getting Workflow Template. Details: java.sql.SQLException: Illegal operation on empty result set.
	at com.mysql.cj.jdbc.exceptions.SQLError.createSQLException(SQLError.java:129)
	at com.mysql.cj.jdbc.exceptions.SQLError.createSQLException(SQLError.java:97)
	at com.mysql.cj.jdbc.exceptions.SQLError.createSQLException(SQLError.java:89)
	at com.mysql.cj.jdbc.exceptions.SQLError.createSQLException(SQLError.java:63)
	at com.mysql.cj.jdbc.result.ResultSetImpl.checkRowPos(ResultSetImpl.java:532)
	at com.mysql.cj.jdbc.result.ResultSetImpl.getObject(ResultSetImpl.java:1322)
	at com.mysql.cj.jdbc.result.ResultSetImpl.getInt(ResultSetImpl.java:830)
	at com.mysql.cj.jdbc.result.ResultSetImpl.getInt(ResultSetImpl.java:851)
	at org.apache.commons.dbcp2.DelegatingResultSet.getInt(DelegatingResultSet.java:633)
	at org.apache.commons.dbcp2.DelegatingResultSet.getInt(DelegatingResultSet.java:633)
	at vn.mobileid.id.general.database.DatabaseImpl.getWorkflowTemplate(DatabaseImpl.java:1512)
	at vn.mobileid.id.qrypto.kernel.GetWorkflowTemplate.getWorkflowTemplate(GetWorkflowTemplate.java:33)
	at vn.mobileid.id.qrypto.QryptoService.getWorkflowTemplate(QryptoService.java:778)
	at vn.mobileid.id.general.api.ServicesController.getWorkflowTemplate(ServicesController.java:383)
	at sun.reflect.NativeMethodAccessorImpl.invoke0(Native Method)
	at sun.reflect.NativeMethodAccessorImpl.invoke(NativeMethodAccessorImpl.java:62)
	at sun.reflect.DelegatingMethodAccessorImpl.invoke(DelegatingMethodAccessorImpl.java:43)
	at java.lang.reflect.Method.invoke(Method.java:498)
	at org.glassfish.jersey.server.model.internal.ResourceMethodInvocationHandlerFactory$1.invoke(ResourceMethodInvocationHandlerFactory.java:81)
	at org.glassfish.jersey.server.model.internal.AbstractJavaResourceMethodDispatcher$1.run(AbstractJavaResourceMethodDispatcher.java:144)
	at org.glassfish.jersey.server.model.internal.AbstractJavaResourceMethodDispatcher.invoke(AbstractJavaResourceMethodDispatcher.java:161)
	at org.glassfish.jersey.server.model.internal.JavaResourceMethodDispatcherProvider$ResponseOutInvoker.doDispatch(JavaResourceMethodDispatcherProvider.java:160)
	at org.glassfish.jersey.server.model.internal.AbstractJavaResourceMethodDispatcher.dispatch(AbstractJavaResourceMethodDispatcher.java:99)
	at org.glassfish.jersey.server.model.ResourceMethodInvoker.invoke(ResourceMethodInvoker.java:389)
	at org.glassfish.jersey.server.model.ResourceMethodInvoker.apply(ResourceMethodInvoker.java:347)
	at org.glassfish.jersey.server.model.ResourceMethodInvoker.apply(ResourceMethodInvoker.java:102)
	at org.glassfish.jersey.server.ServerRuntime$2.run(ServerRuntime.java:326)
	at org.glassfish.jersey.internal.Errors$1.call(Errors.java:271)
	at org.glassfish.jersey.internal.Errors$1.call(Errors.java:267)
	at org.glassfish.jersey.internal.Errors.process(Errors.java:315)
	at org.glassfish.jersey.internal.Errors.process(Errors.java:297)
	at org.glassfish.jersey.internal.Errors.process(Errors.java:267)
	at org.glassfish.jersey.process.internal.RequestScope.runInScope(RequestScope.java:317)
	at org.glassfish.jersey.server.ServerRuntime.process(ServerRuntime.java:305)
	at org.glassfish.jersey.server.ApplicationHandler.handle(ApplicationHandler.java:1154)
	at org.glassfish.jersey.servlet.WebComponent.serviceImpl(WebComponent.java:473)
	at org.glassfish.jersey.servlet.WebComponent.service(WebComponent.java:427)
	at org.glassfish.jersey.servlet.ServletContainer.service(ServletContainer.java:388)
	at org.glassfish.jersey.servlet.ServletContainer.service(ServletContainer.java:341)
	at org.glassfish.jersey.servlet.ServletContainer.service(ServletContainer.java:228)
	at io.undertow.servlet.handlers.ServletHandler.handleRequest(ServletHandler.java:85)
	at io.undertow.servlet.handlers.security.ServletSecurityRoleHandler.handleRequest(ServletSecurityRoleHandler.java:62)
	at io.undertow.servlet.handlers.ServletDispatchingHandler.handleRequest(ServletDispatchingHandler.java:36)
	at org.wildfly.extension.undertow.security.SecurityContextAssociationHandler.handleRequest(SecurityContextAssociationHandler.java:78)
	at io.undertow.server.handlers.PredicateHandler.handleRequest(PredicateHandler.java:43)
	at io.undertow.servlet.handlers.security.SSLInformationAssociationHandler.handleRequest(SSLInformationAssociationHandler.java:131)
	at io.undertow.servlet.handlers.security.ServletAuthenticationCallHandler.handleRequest(ServletAuthenticationCallHandler.java:57)
	at io.undertow.server.handlers.PredicateHandler.handleRequest(PredicateHandler.java:43)
	at io.undertow.security.handlers.AbstractConfidentialityHandler.handleRequest(AbstractConfidentialityHandler.java:46)
	at io.undertow.servlet.handlers.security.ServletConfidentialityConstraintHandler.handleRequest(ServletConfidentialityConstraintHandler.java:64)
	at io.undertow.security.handlers.AuthenticationMechanismsHandler.handleRequest(AuthenticationMechanismsHandler.java:60)
	at io.undertow.servlet.handlers.security.CachedAuthenticatedSessionHandler.handleRequest(CachedAuthenticatedSessionHandler.java:77)
	at io.undertow.security.handlers.NotificationReceiverHandler.handleRequest(NotificationReceiverHandler.java:50)
	at io.undertow.security.handlers.AbstractSecurityContextAssociationHandler.handleRequest(AbstractSecurityContextAssociationHandler.java:43)
	at io.undertow.server.handlers.PredicateHandler.handleRequest(PredicateHandler.java:43)
	at org.wildfly.extension.undertow.security.jacc.JACCContextIdHandler.handleRequest(JACCContextIdHandler.java:61)
	at io.undertow.server.handlers.PredicateHandler.handleRequest(PredicateHandler.java:43)
	at io.undertow.server.handlers.PredicateHandler.handleRequest(PredicateHandler.java:43)
	at io.undertow.servlet.handlers.ServletInitialHandler.handleFirstRequest(ServletInitialHandler.java:292)
	at io.undertow.servlet.handlers.ServletInitialHandler.access$100(ServletInitialHandler.java:81)
	at io.undertow.servlet.handlers.ServletInitialHandler$2.call(ServletInitialHandler.java:138)
	at io.undertow.servlet.handlers.ServletInitialHandler$2.call(ServletInitialHandler.java:135)
	at io.undertow.servlet.core.ServletRequestContextThreadSetupAction$1.call(ServletRequestContextThreadSetupAction.java:48)
	at io.undertow.servlet.core.ContextClassLoaderSetupAction$1.call(ContextClassLoaderSetupAction.java:43)
	at io.undertow.servlet.api.LegacyThreadSetupActionWrapper$1.call(LegacyThreadSetupActionWrapper.java:44)
	at io.undertow.servlet.api.LegacyThreadSetupActionWrapper$1.call(LegacyThreadSetupActionWrapper.java:44)
	at io.undertow.servlet.api.LegacyThreadSetupActionWrapper$1.call(LegacyThreadSetupActionWrapper.java:44)
	at io.undertow.servlet.api.LegacyThreadSetupActionWrapper$1.call(LegacyThreadSetupActionWrapper.java:44)
	at io.undertow.servlet.api.LegacyThreadSetupActionWrapper$1.call(LegacyThreadSetupActionWrapper.java:44)
	at io.undertow.servlet.handlers.ServletInitialHandler.dispatchRequest(ServletInitialHandler.java:272)
	at io.undertow.servlet.handlers.ServletInitialHandler.access$000(ServletInitialHandler.java:81)
	at io.undertow.servlet.handlers.ServletInitialHandler$1.handleRequest(ServletInitialHandler.java:104)
	at io.undertow.server.Connectors.executeRootHandler(Connectors.java:202)
	at io.undertow.server.HttpServerExchange$1.run(HttpServerExchange.java:805)
	at java.util.concurrent.ThreadPoolExecutor.runWorker(ThreadPoolExecutor.java:1149)
	at java.util.concurrent.ThreadPoolExecutor$Worker.run(ThreadPoolExecutor.java:624)
	at java.lang.Thread.run(Thread.java:748)

2023-02-14 09:55:04,729 DEBUG v.m.i.g.d.DatabaseImpl [default task-11] [SQL] com.mysql.cj.jdbc.CallableStatement: CALL USP_WORKFLOW_TEMPLATE_GET(48,** NOT SPECIFIED **) 
2023-02-14 09:55:04,783 ERROR v.m.i.g.d.DatabaseImpl [default task-11] Error while getting Workflow Template. Details: java.sql.SQLException: Illegal operation on empty result set.
	at com.mysql.cj.jdbc.exceptions.SQLError.createSQLException(SQLError.java:129)
	at com.mysql.cj.jdbc.exceptions.SQLError.createSQLException(SQLError.java:97)
	at com.mysql.cj.jdbc.exceptions.SQLError.createSQLException(SQLError.java:89)
	at com.mysql.cj.jdbc.exceptions.SQLError.createSQLException(SQLError.java:63)
	at com.mysql.cj.jdbc.result.ResultSetImpl.checkRowPos(ResultSetImpl.java:532)
	at com.mysql.cj.jdbc.result.ResultSetImpl.getObject(ResultSetImpl.java:1322)
	at com.mysql.cj.jdbc.result.ResultSetImpl.getInt(ResultSetImpl.java:830)
	at com.mysql.cj.jdbc.result.ResultSetImpl.getInt(ResultSetImpl.java:851)
	at org.apache.commons.dbcp2.DelegatingResultSet.getInt(DelegatingResultSet.java:633)
	at org.apache.commons.dbcp2.DelegatingResultSet.getInt(DelegatingResultSet.java:633)
	at vn.mobileid.id.general.database.DatabaseImpl.getWorkflowTemplate(DatabaseImpl.java:1512)
	at vn.mobileid.id.qrypto.kernel.GetWorkflowTemplate.getWorkflowTemplate(GetWorkflowTemplate.java:33)
	at vn.mobileid.id.qrypto.QryptoService.getWorkflowTemplate(QryptoService.java:778)
	at vn.mobileid.id.general.api.ServicesController.getWorkflowTemplate(ServicesController.java:383)
	at sun.reflect.NativeMethodAccessorImpl.invoke0(Native Method)
	at sun.reflect.NativeMethodAccessorImpl.invoke(NativeMethodAccessorImpl.java:62)
	at sun.reflect.DelegatingMethodAccessorImpl.invoke(DelegatingMethodAccessorImpl.java:43)
	at java.lang.reflect.Method.invoke(Method.java:498)
	at org.glassfish.jersey.server.model.internal.ResourceMethodInvocationHandlerFactory$1.invoke(ResourceMethodInvocationHandlerFactory.java:81)
	at org.glassfish.jersey.server.model.internal.AbstractJavaResourceMethodDispatcher$1.run(AbstractJavaResourceMethodDispatcher.java:144)
	at org.glassfish.jersey.server.model.internal.AbstractJavaResourceMethodDispatcher.invoke(AbstractJavaResourceMethodDispatcher.java:161)
	at org.glassfish.jersey.server.model.internal.JavaResourceMethodDispatcherProvider$ResponseOutInvoker.doDispatch(JavaResourceMethodDispatcherProvider.java:160)
	at org.glassfish.jersey.server.model.internal.AbstractJavaResourceMethodDispatcher.dispatch(AbstractJavaResourceMethodDispatcher.java:99)
	at org.glassfish.jersey.server.model.ResourceMethodInvoker.invoke(ResourceMethodInvoker.java:389)
	at org.glassfish.jersey.server.model.ResourceMethodInvoker.apply(ResourceMethodInvoker.java:347)
	at org.glassfish.jersey.server.model.ResourceMethodInvoker.apply(ResourceMethodInvoker.java:102)
	at org.glassfish.jersey.server.ServerRuntime$2.run(ServerRuntime.java:326)
	at org.glassfish.jersey.internal.Errors$1.call(Errors.java:271)
	at org.glassfish.jersey.internal.Errors$1.call(Errors.java:267)
	at org.glassfish.jersey.internal.Errors.process(Errors.java:315)
	at org.glassfish.jersey.internal.Errors.process(Errors.java:297)
	at org.glassfish.jersey.internal.Errors.process(Errors.java:267)
	at org.glassfish.jersey.process.internal.RequestScope.runInScope(RequestScope.java:317)
	at org.glassfish.jersey.server.ServerRuntime.process(ServerRuntime.java:305)
	at org.glassfish.jersey.server.ApplicationHandler.handle(ApplicationHandler.java:1154)
	at org.glassfish.jersey.servlet.WebComponent.serviceImpl(WebComponent.java:473)
	at org.glassfish.jersey.servlet.WebComponent.service(WebComponent.java:427)
	at org.glassfish.jersey.servlet.ServletContainer.service(ServletContainer.java:388)
	at org.glassfish.jersey.servlet.ServletContainer.service(ServletContainer.java:341)
	at org.glassfish.jersey.servlet.ServletContainer.service(ServletContainer.java:228)
	at io.undertow.servlet.handlers.ServletHandler.handleRequest(ServletHandler.java:85)
	at io.undertow.servlet.handlers.security.ServletSecurityRoleHandler.handleRequest(ServletSecurityRoleHandler.java:62)
	at io.undertow.servlet.handlers.ServletDispatchingHandler.handleRequest(ServletDispatchingHandler.java:36)
	at org.wildfly.extension.undertow.security.SecurityContextAssociationHandler.handleRequest(SecurityContextAssociationHandler.java:78)
	at io.undertow.server.handlers.PredicateHandler.handleRequest(PredicateHandler.java:43)
	at io.undertow.servlet.handlers.security.SSLInformationAssociationHandler.handleRequest(SSLInformationAssociationHandler.java:131)
	at io.undertow.servlet.handlers.security.ServletAuthenticationCallHandler.handleRequest(ServletAuthenticationCallHandler.java:57)
	at io.undertow.server.handlers.PredicateHandler.handleRequest(PredicateHandler.java:43)
	at io.undertow.security.handlers.AbstractConfidentialityHandler.handleRequest(AbstractConfidentialityHandler.java:46)
	at io.undertow.servlet.handlers.security.ServletConfidentialityConstraintHandler.handleRequest(ServletConfidentialityConstraintHandler.java:64)
	at io.undertow.security.handlers.AuthenticationMechanismsHandler.handleRequest(AuthenticationMechanismsHandler.java:60)
	at io.undertow.servlet.handlers.security.CachedAuthenticatedSessionHandler.handleRequest(CachedAuthenticatedSessionHandler.java:77)
	at io.undertow.security.handlers.NotificationReceiverHandler.handleRequest(NotificationReceiverHandler.java:50)
	at io.undertow.security.handlers.AbstractSecurityContextAssociationHandler.handleRequest(AbstractSecurityContextAssociationHandler.java:43)
	at io.undertow.server.handlers.PredicateHandler.handleRequest(PredicateHandler.java:43)
	at org.wildfly.extension.undertow.security.jacc.JACCContextIdHandler.handleRequest(JACCContextIdHandler.java:61)
	at io.undertow.server.handlers.PredicateHandler.handleRequest(PredicateHandler.java:43)
	at io.undertow.server.handlers.PredicateHandler.handleRequest(PredicateHandler.java:43)
	at io.undertow.servlet.handlers.ServletInitialHandler.handleFirstRequest(ServletInitialHandler.java:292)
	at io.undertow.servlet.handlers.ServletInitialHandler.access$100(ServletInitialHandler.java:81)
	at io.undertow.servlet.handlers.ServletInitialHandler$2.call(ServletInitialHandler.java:138)
	at io.undertow.servlet.handlers.ServletInitialHandler$2.call(ServletInitialHandler.java:135)
	at io.undertow.servlet.core.ServletRequestContextThreadSetupAction$1.call(ServletRequestContextThreadSetupAction.java:48)
	at io.undertow.servlet.core.ContextClassLoaderSetupAction$1.call(ContextClassLoaderSetupAction.java:43)
	at io.undertow.servlet.api.LegacyThreadSetupActionWrapper$1.call(LegacyThreadSetupActionWrapper.java:44)
	at io.undertow.servlet.api.LegacyThreadSetupActionWrapper$1.call(LegacyThreadSetupActionWrapper.java:44)
	at io.undertow.servlet.api.LegacyThreadSetupActionWrapper$1.call(LegacyThreadSetupActionWrapper.java:44)
	at io.undertow.servlet.api.LegacyThreadSetupActionWrapper$1.call(LegacyThreadSetupActionWrapper.java:44)
	at io.undertow.servlet.api.LegacyThreadSetupActionWrapper$1.call(LegacyThreadSetupActionWrapper.java:44)
	at io.undertow.servlet.handlers.ServletInitialHandler.dispatchRequest(ServletInitialHandler.java:272)
	at io.undertow.servlet.handlers.ServletInitialHandler.access$000(ServletInitialHandler.java:81)
	at io.undertow.servlet.handlers.ServletInitialHandler$1.handleRequest(ServletInitialHandler.java:104)
	at io.undertow.server.Connectors.executeRootHandler(Connectors.java:202)
	at io.undertow.server.HttpServerExchange$1.run(HttpServerExchange.java:805)
	at java.util.concurrent.ThreadPoolExecutor.runWorker(ThreadPoolExecutor.java:1149)
	at java.util.concurrent.ThreadPoolExecutor$Worker.run(ThreadPoolExecutor.java:624)
	at java.lang.Thread.run(Thread.java:748)

2023-02-14 09:55:04,784 DEBUG v.m.i.g.d.DatabaseImpl [default task-11] Execution time of get Asset in milliseconds: 190
2023-02-14 09:55:04,784 DEBUG v.m.i.g.a.ServicesController [default task-11] Request fail
2023-02-14 09:55:04,784 DEBUG v.m.i.g.a.ServicesController [default task-11] Status:500
2023-02-14 09:55:04,784 DEBUG v.m.i.g.a.ServicesController [default task-11] Message:["Internal server exception"]
2023-02-14 09:55:38,356 DEBUG v.m.i.g.a.ServicesController [default task-12] 
---------
Create Workflow Template request:
	METHOD:POST
	ContentType:application/json
	Body:{
    "items": [
        {
            "field": "FullName",
            "type": 1,
            "value": "T?T KHNH GIA",
            "mandatory_enable": false
        },
        {
            "field": "BirthDate",
            "type": 1,
            "value": "31/12/2022",
            "mandatory_enable": false
        },
        {
            "field": "Nationality",
            "type": 1,
            "value": "VietNam",
            "mandatory_enable": false
        },
        {
            "field": "PersonalNumber",
            "type": 1,
            "value": "079200011188",
            "mandatory_enable": false
        }
        ,
        {
            "field": "IssuanceDate",
            "type": 1,
            "value": "31/12/2022",
            "mandatory_enable": false
        },
        {
            "field": "PlaceOfResidence",
            "type": 1,
            "value": "Quan11",
            "mandatory_enable": false
        },
        {
            "field": "Nationality",
            "type": 1,
            "value": "VietNam",
            "mandatory_enable": false
        }
    ]
}
2023-02-14 09:55:38,357 INFO v.m.i.q.k.ManageToken [default task-12] Checking Header!!
2023-02-14 09:55:38,357 INFO v.m.i.q.k.ManageToken [default task-12] Token:Bearer eyJhbGciOiJSUzI1NiIsInR5cCIgOiAiSldUIiwia2lkIiA6ICIxSEFyRGRxRFFHYWRWX3dKaUpSLXItdjlUbUpVVldILURxSzRBM0xQT2xvIn0.eyJleHAiOjE2NzYzNDM1NzcsImlhdCI6MTY3NjM0MzI3NywianRpIjoiMTIwNDcxYjEtZTA1Yi00ODlmLTk4YWMtZTBiZWFkMmYyOTY2IiwiaXNzIjoiaHR0cDovLzE5Mi4xNjguMTk4LjEyMDo4MDgxL2F1dGgvcmVhbG1zL1FyeXB0b1JlYWxtIiwiYXVkIjoiYWNjb3VudCIsInN1YiI6IjY1NDFiY2E4LWRkNTUtNDhiMi1hNTY5LTgyYzYwZGI5NDk1MyIsInR5cCI6IkJlYXJlciIsImF6cCI6InFyeXB0b1VzZXIiLCJzZXNzaW9uX3N0YXRlIjoiZGM0MGI0YzUtNGJlYS00ZDFhLWFiZWYtZDc3N2UzNDRlYTAxIiwiYWNyIjoiMSIsInJlYWxtX2FjY2VzcyI6eyJyb2xlcyI6WyJkZWZhdWx0LXJvbGVzLXFyeXB0b3JlYWxtIiwib2ZmbGluZV9hY2Nlc3MiLCJ1bWFfYXV0aG9yaXphdGlvbiJdfSwicmVzb3VyY2VfYWNjZXNzIjp7ImFjY291bnQiOnsicm9sZXMiOlsibWFuYWdlLWFjY291bnQiLCJtYW5hZ2UtYWNjb3VudC1saW5rcyIsInZpZXctcHJvZmlsZSJdfX0sInNjb3BlIjoicHJvZmlsZSBlbWFpbCIsInNpZCI6ImRjNDBiNGM1LTRiZWEtNGQxYS1hYmVmLWQ3NzdlMzQ0ZWEwMSIsImVtYWlsX3ZlcmlmaWVkIjpmYWxzZSwibmFtZSI6IlRhdCBHaWEiLCJwcmVmZXJyZWRfdXNlcm5hbWUiOiJ1c2VyMiIsImdpdmVuX25hbWUiOiJUYXQiLCJmYW1pbHlfbmFtZSI6IkdpYSIsImVtYWlsIjoiZ2lhdGtAbW9iaWxlLWlkLnZuIn0.sSMYU0Z_qv8JEHW9KhytrmZZtNCLX8ZDR1_L2Rza69shXLvrSusFgDxvyQL1lwCGbEz79mUmLNvQIrHiHEbc-b1mtm5pHg9SPsdrgjzXVSEiL5GtK_GYujSJmuviTP8sfoposWpGcQGWkiyCqCFoFEyZrKLaKpROwcT7ISCL_U5cSPvD0JsT8KNRpMWaECTuOCAMCgRKTL0Y4MvLzT35XohEUkMcXgEnxGgsa2_2Ldk9Q168DhHvU1a1cJsEgmjK0au_ET_O_eDqj3AIREELH6a2NGpD3YXCIHvPBz2K1O1upEaO2-xFwmjuoHVBwKZtN-Knp4RMcTiPBqXnQT_5kA
2023-02-14 09:55:38,358 DEBUG v.m.i.g.k.KeyCloakInvocation [default task-12] Verify accessToken
2023-02-14 09:55:38,358 DEBUG v.m.i.g.k.KeyCloakInvocation [default task-12] Before decode token
2023-02-14 09:55:38,359 DEBUG v.m.i.g.k.KeyCloakInvocation [default task-12] Header:eyJhbGciOiJSUzI1NiIsInR5cCIgOiAiSldUIiwia2lkIiA6ICIxSEFyRGRxRFFHYWRWX3dKaUpSLXItdjlUbUpVVldILURxSzRBM0xQT2xvIn0
2023-02-14 09:55:38,359 DEBUG v.m.i.g.k.KeyCloakInvocation [default task-12] Payload:eyJleHAiOjE2NzYzNDM1NzcsImlhdCI6MTY3NjM0MzI3NywianRpIjoiMTIwNDcxYjEtZTA1Yi00ODlmLTk4YWMtZTBiZWFkMmYyOTY2IiwiaXNzIjoiaHR0cDovLzE5Mi4xNjguMTk4LjEyMDo4MDgxL2F1dGgvcmVhbG1zL1FyeXB0b1JlYWxtIiwiYXVkIjoiYWNjb3VudCIsInN1YiI6IjY1NDFiY2E4LWRkNTUtNDhiMi1hNTY5LTgyYzYwZGI5NDk1MyIsInR5cCI6IkJlYXJlciIsImF6cCI6InFyeXB0b1VzZXIiLCJzZXNzaW9uX3N0YXRlIjoiZGM0MGI0YzUtNGJlYS00ZDFhLWFiZWYtZDc3N2UzNDRlYTAxIiwiYWNyIjoiMSIsInJlYWxtX2FjY2VzcyI6eyJyb2xlcyI6WyJkZWZhdWx0LXJvbGVzLXFyeXB0b3JlYWxtIiwib2ZmbGluZV9hY2Nlc3MiLCJ1bWFfYXV0aG9yaXphdGlvbiJdfSwicmVzb3VyY2VfYWNjZXNzIjp7ImFjY291bnQiOnsicm9sZXMiOlsibWFuYWdlLWFjY291bnQiLCJtYW5hZ2UtYWNjb3VudC1saW5rcyIsInZpZXctcHJvZmlsZSJdfX0sInNjb3BlIjoicHJvZmlsZSBlbWFpbCIsInNpZCI6ImRjNDBiNGM1LTRiZWEtNGQxYS1hYmVmLWQ3NzdlMzQ0ZWEwMSIsImVtYWlsX3ZlcmlmaWVkIjpmYWxzZSwibmFtZSI6IlRhdCBHaWEiLCJwcmVmZXJyZWRfdXNlcm5hbWUiOiJ1c2VyMiIsImdpdmVuX25hbWUiOiJUYXQiLCJmYW1pbHlfbmFtZSI6IkdpYSIsImVtYWlsIjoiZ2lhdGtAbW9iaWxlLWlkLnZuIn0
2023-02-14 09:55:38,359 DEBUG v.m.i.g.k.KeyCloakInvocation [default task-12] Signature:sSMYU0Z_qv8JEHW9KhytrmZZtNCLX8ZDR1_L2Rza69shXLvrSusFgDxvyQL1lwCGbEz79mUmLNvQIrHiHEbc-b1mtm5pHg9SPsdrgjzXVSEiL5GtK_GYujSJmuviTP8sfoposWpGcQGWkiyCqCFoFEyZrKLaKpROwcT7ISCL_U5cSPvD0JsT8KNRpMWaECTuOCAMCgRKTL0Y4MvLzT35XohEUkMcXgEnxGgsa2_2Ldk9Q168DhHvU1a1cJsEgmjK0au_ET_O_eDqj3AIREELH6a2NGpD3YXCIHvPBz2K1O1upEaO2-xFwmjuoHVBwKZtN-Knp4RMcTiPBqXnQT_5kA
2023-02-14 09:55:38,359 DEBUG v.m.i.g.k.KeyCloakInvocation [default task-12] Header:{"alg":"RS256","typ" : "JWT","kid" : "1HArDdqDQGadV_wJiJR-r-v9TmJUVWH-DqK4A3LPOlo"}
2023-02-14 09:55:38,359 DEBUG v.m.i.g.k.KeyCloakInvocation [default task-12] Alg:RS256
2023-02-14 09:55:38,360 DEBUG v.m.i.g.k.KeyCloakInvocation [default task-12] Payload:{"exp":1676343577,"iat":1676343277,"jti":"120471b1-e05b-489f-98ac-e0bead2f2966","iss":"http://192.168.198.120:8081/auth/realms/QryptoRealm","aud":"account","sub":"6541bca8-dd55-48b2-a569-82c60db94953","typ":"Bearer","azp":"qryptoUser","session_state":"dc40b4c5-4bea-4d1a-abef-d777e344ea01","acr":"1","realm_access":{"roles":["default-roles-qryptorealm","offline_access","uma_authorization"]},"resource_access":{"account":{"roles":["manage-account","manage-account-links","view-profile"]}},"scope":"profile email","sid":"dc40b4c5-4bea-4d1a-abef-d777e344ea01","email_verified":false,"name":"Tat Gia","preferred_username":"user2","given_name":"Tat","family_name":"Gia","email":"giatk@mobile-id.vn"}
2023-02-14 09:55:38,360 DEBUG v.m.i.g.k.KeyCloakInvocation [default task-12] Signature:sSMYU0Z_qv8JEHW9KhytrmZZtNCLX8ZDR1_L2Rza69shXLvrSusFgDxvyQL1lwCGbEz79mUmLNvQIrHiHEbc-b1mtm5pHg9SPsdrgjzXVSEiL5GtK_GYujSJmuviTP8sfoposWpGcQGWkiyCqCFoFEyZrKLaKpROwcT7ISCL_U5cSPvD0JsT8KNRpMWaECTuOCAMCgRKTL0Y4MvLzT35XohEUkMcXgEnxGgsa2_2Ldk9Q168DhHvU1a1cJsEgmjK0au_ET_O_eDqj3AIREELH6a2NGpD3YXCIHvPBz2K1O1upEaO2-xFwmjuoHVBwKZtN-Knp4RMcTiPBqXnQT_5kA
2023-02-14 09:55:38,363 INFO v.m.i.g.k.KeyCloakInvocation [default task-12] Verify Token
2023-02-14 09:55:38,380 DEBUG v.m.i.g.HttpRequest [default task-12] Received response from server http://192.168.198.120:8081/auth/realms/QryptoRealm/protocol/openid-connect/userinfo. HTTP status code: 200
Body: {"sub":"6541bca8-dd55-48b2-a569-82c60db94953","email_verified":false,"name":"Tat Gia","preferred_username":"user2","given_name":"Tat","family_name":"Gia","email":"giatk@mobile-id.vn"}
2023-02-14 09:55:38,396 DEBUG v.m.i.g.d.DatabaseImpl [default task-12] [SQL] com.mysql.cj.jdbc.CallableStatement: CALL USP_WORKFLOW_TEMPLATE_ADD(48,'{"items":[{"field":"FullName","mandatory_enable":false,"type":1,"value":"T?T KHNH GIA"},{"field":"BirthDate","mandatory_enable":false,"type":1,"value":"31/12/2022"},{"field":"Nationality","mandatory_enable":false,"type":1,"value":"VietNam"},{"field":"PersonalNumber","mandatory_enable":false,"type":1,"value":"079200011188"},{"field":"IssuanceDate","mandatory_enable":false,"type":1,"value":"31/12/2022"},{"field":"PlaceOfResidence","mandatory_enable":false,"type":1,"value":"Quan11"},{"field":"Nationality","mandatory_enable":false,"type":1,"value":"VietNam"}]}','HMAC','bcd@gmail.com',** NOT SPECIFIED **) 
2023-02-14 09:55:38,399 DEBUG v.m.i.g.d.DatabaseImpl [default task-12] Execution time of Workflow Template in milliseconds: 7
2023-02-14 09:55:40,625 DEBUG v.m.i.g.a.ServicesController [default task-13] 
---------
GetWorkflowTemplate request:
	METHOD:GET
	ContentType:null
	Body:null
2023-02-14 09:55:40,625 INFO v.m.i.q.k.ManageToken [default task-13] Checking Header!!
2023-02-14 09:55:40,626 INFO v.m.i.q.k.ManageToken [default task-13] Token:Bearer eyJhbGciOiJSUzI1NiIsInR5cCIgOiAiSldUIiwia2lkIiA6ICIxSEFyRGRxRFFHYWRWX3dKaUpSLXItdjlUbUpVVldILURxSzRBM0xQT2xvIn0.eyJleHAiOjE2NzYzNDM1NzcsImlhdCI6MTY3NjM0MzI3NywianRpIjoiMTIwNDcxYjEtZTA1Yi00ODlmLTk4YWMtZTBiZWFkMmYyOTY2IiwiaXNzIjoiaHR0cDovLzE5Mi4xNjguMTk4LjEyMDo4MDgxL2F1dGgvcmVhbG1zL1FyeXB0b1JlYWxtIiwiYXVkIjoiYWNjb3VudCIsInN1YiI6IjY1NDFiY2E4LWRkNTUtNDhiMi1hNTY5LTgyYzYwZGI5NDk1MyIsInR5cCI6IkJlYXJlciIsImF6cCI6InFyeXB0b1VzZXIiLCJzZXNzaW9uX3N0YXRlIjoiZGM0MGI0YzUtNGJlYS00ZDFhLWFiZWYtZDc3N2UzNDRlYTAxIiwiYWNyIjoiMSIsInJlYWxtX2FjY2VzcyI6eyJyb2xlcyI6WyJkZWZhdWx0LXJvbGVzLXFyeXB0b3JlYWxtIiwib2ZmbGluZV9hY2Nlc3MiLCJ1bWFfYXV0aG9yaXphdGlvbiJdfSwicmVzb3VyY2VfYWNjZXNzIjp7ImFjY291bnQiOnsicm9sZXMiOlsibWFuYWdlLWFjY291bnQiLCJtYW5hZ2UtYWNjb3VudC1saW5rcyIsInZpZXctcHJvZmlsZSJdfX0sInNjb3BlIjoicHJvZmlsZSBlbWFpbCIsInNpZCI6ImRjNDBiNGM1LTRiZWEtNGQxYS1hYmVmLWQ3NzdlMzQ0ZWEwMSIsImVtYWlsX3ZlcmlmaWVkIjpmYWxzZSwibmFtZSI6IlRhdCBHaWEiLCJwcmVmZXJyZWRfdXNlcm5hbWUiOiJ1c2VyMiIsImdpdmVuX25hbWUiOiJUYXQiLCJmYW1pbHlfbmFtZSI6IkdpYSIsImVtYWlsIjoiZ2lhdGtAbW9iaWxlLWlkLnZuIn0.sSMYU0Z_qv8JEHW9KhytrmZZtNCLX8ZDR1_L2Rza69shXLvrSusFgDxvyQL1lwCGbEz79mUmLNvQIrHiHEbc-b1mtm5pHg9SPsdrgjzXVSEiL5GtK_GYujSJmuviTP8sfoposWpGcQGWkiyCqCFoFEyZrKLaKpROwcT7ISCL_U5cSPvD0JsT8KNRpMWaECTuOCAMCgRKTL0Y4MvLzT35XohEUkMcXgEnxGgsa2_2Ldk9Q168DhHvU1a1cJsEgmjK0au_ET_O_eDqj3AIREELH6a2NGpD3YXCIHvPBz2K1O1upEaO2-xFwmjuoHVBwKZtN-Knp4RMcTiPBqXnQT_5kA
2023-02-14 09:55:40,626 DEBUG v.m.i.g.k.KeyCloakInvocation [default task-13] Verify accessToken
2023-02-14 09:55:40,627 DEBUG v.m.i.g.k.KeyCloakInvocation [default task-13] Before decode token
2023-02-14 09:55:40,627 DEBUG v.m.i.g.k.KeyCloakInvocation [default task-13] Header:eyJhbGciOiJSUzI1NiIsInR5cCIgOiAiSldUIiwia2lkIiA6ICIxSEFyRGRxRFFHYWRWX3dKaUpSLXItdjlUbUpVVldILURxSzRBM0xQT2xvIn0
2023-02-14 09:55:40,627 DEBUG v.m.i.g.k.KeyCloakInvocation [default task-13] Payload:eyJleHAiOjE2NzYzNDM1NzcsImlhdCI6MTY3NjM0MzI3NywianRpIjoiMTIwNDcxYjEtZTA1Yi00ODlmLTk4YWMtZTBiZWFkMmYyOTY2IiwiaXNzIjoiaHR0cDovLzE5Mi4xNjguMTk4LjEyMDo4MDgxL2F1dGgvcmVhbG1zL1FyeXB0b1JlYWxtIiwiYXVkIjoiYWNjb3VudCIsInN1YiI6IjY1NDFiY2E4LWRkNTUtNDhiMi1hNTY5LTgyYzYwZGI5NDk1MyIsInR5cCI6IkJlYXJlciIsImF6cCI6InFyeXB0b1VzZXIiLCJzZXNzaW9uX3N0YXRlIjoiZGM0MGI0YzUtNGJlYS00ZDFhLWFiZWYtZDc3N2UzNDRlYTAxIiwiYWNyIjoiMSIsInJlYWxtX2FjY2VzcyI6eyJyb2xlcyI6WyJkZWZhdWx0LXJvbGVzLXFyeXB0b3JlYWxtIiwib2ZmbGluZV9hY2Nlc3MiLCJ1bWFfYXV0aG9yaXphdGlvbiJdfSwicmVzb3VyY2VfYWNjZXNzIjp7ImFjY291bnQiOnsicm9sZXMiOlsibWFuYWdlLWFjY291bnQiLCJtYW5hZ2UtYWNjb3VudC1saW5rcyIsInZpZXctcHJvZmlsZSJdfX0sInNjb3BlIjoicHJvZmlsZSBlbWFpbCIsInNpZCI6ImRjNDBiNGM1LTRiZWEtNGQxYS1hYmVmLWQ3NzdlMzQ0ZWEwMSIsImVtYWlsX3ZlcmlmaWVkIjpmYWxzZSwibmFtZSI6IlRhdCBHaWEiLCJwcmVmZXJyZWRfdXNlcm5hbWUiOiJ1c2VyMiIsImdpdmVuX25hbWUiOiJUYXQiLCJmYW1pbHlfbmFtZSI6IkdpYSIsImVtYWlsIjoiZ2lhdGtAbW9iaWxlLWlkLnZuIn0
2023-02-14 09:55:40,627 DEBUG v.m.i.g.k.KeyCloakInvocation [default task-13] Signature:sSMYU0Z_qv8JEHW9KhytrmZZtNCLX8ZDR1_L2Rza69shXLvrSusFgDxvyQL1lwCGbEz79mUmLNvQIrHiHEbc-b1mtm5pHg9SPsdrgjzXVSEiL5GtK_GYujSJmuviTP8sfoposWpGcQGWkiyCqCFoFEyZrKLaKpROwcT7ISCL_U5cSPvD0JsT8KNRpMWaECTuOCAMCgRKTL0Y4MvLzT35XohEUkMcXgEnxGgsa2_2Ldk9Q168DhHvU1a1cJsEgmjK0au_ET_O_eDqj3AIREELH6a2NGpD3YXCIHvPBz2K1O1upEaO2-xFwmjuoHVBwKZtN-Knp4RMcTiPBqXnQT_5kA
2023-02-14 09:55:40,628 DEBUG v.m.i.g.k.KeyCloakInvocation [default task-13] Header:{"alg":"RS256","typ" : "JWT","kid" : "1HArDdqDQGadV_wJiJR-r-v9TmJUVWH-DqK4A3LPOlo"}
2023-02-14 09:55:40,628 DEBUG v.m.i.g.k.KeyCloakInvocation [default task-13] Alg:RS256
2023-02-14 09:55:40,628 DEBUG v.m.i.g.k.KeyCloakInvocation [default task-13] Payload:{"exp":1676343577,"iat":1676343277,"jti":"120471b1-e05b-489f-98ac-e0bead2f2966","iss":"http://192.168.198.120:8081/auth/realms/QryptoRealm","aud":"account","sub":"6541bca8-dd55-48b2-a569-82c60db94953","typ":"Bearer","azp":"qryptoUser","session_state":"dc40b4c5-4bea-4d1a-abef-d777e344ea01","acr":"1","realm_access":{"roles":["default-roles-qryptorealm","offline_access","uma_authorization"]},"resource_access":{"account":{"roles":["manage-account","manage-account-links","view-profile"]}},"scope":"profile email","sid":"dc40b4c5-4bea-4d1a-abef-d777e344ea01","email_verified":false,"name":"Tat Gia","preferred_username":"user2","given_name":"Tat","family_name":"Gia","email":"giatk@mobile-id.vn"}
2023-02-14 09:55:40,628 DEBUG v.m.i.g.k.KeyCloakInvocation [default task-13] Signature:sSMYU0Z_qv8JEHW9KhytrmZZtNCLX8ZDR1_L2Rza69shXLvrSusFgDxvyQL1lwCGbEz79mUmLNvQIrHiHEbc-b1mtm5pHg9SPsdrgjzXVSEiL5GtK_GYujSJmuviTP8sfoposWpGcQGWkiyCqCFoFEyZrKLaKpROwcT7ISCL_U5cSPvD0JsT8KNRpMWaECTuOCAMCgRKTL0Y4MvLzT35XohEUkMcXgEnxGgsa2_2Ldk9Q168DhHvU1a1cJsEgmjK0au_ET_O_eDqj3AIREELH6a2NGpD3YXCIHvPBz2K1O1upEaO2-xFwmjuoHVBwKZtN-Knp4RMcTiPBqXnQT_5kA
2023-02-14 09:55:40,637 INFO v.m.i.g.k.KeyCloakInvocation [default task-13] Verify Token
2023-02-14 09:55:40,652 DEBUG v.m.i.g.HttpRequest [default task-13] Received response from server http://192.168.198.120:8081/auth/realms/QryptoRealm/protocol/openid-connect/userinfo. HTTP status code: 200
Body: {"sub":"6541bca8-dd55-48b2-a569-82c60db94953","email_verified":false,"name":"Tat Gia","preferred_username":"user2","given_name":"Tat","family_name":"Gia","email":"giatk@mobile-id.vn"}
2023-02-14 09:55:40,653 DEBUG v.m.i.q.QryptoService [default task-13] Check Token Successfully
2023-02-14 09:55:40,658 DEBUG v.m.i.g.d.DatabaseImpl [default task-13] [SQL] com.mysql.cj.jdbc.CallableStatement: CALL USP_WORKFLOW_TEMPLATE_GET(48,** NOT SPECIFIED **) 
2023-02-14 09:55:40,661 DEBUG v.m.i.g.d.DatabaseImpl [default task-13] Execution time of get Asset in milliseconds: 8
2023-02-14 09:55:59,125 DEBUG v.m.i.g.a.ServicesController [default task-14] 
---------
GetWorkflowDetail request:
	METHOD:GET
	ContentType:null
	Body:null
2023-02-14 09:55:59,126 INFO v.m.i.q.k.ManageToken [default task-14] Checking Header!!
2023-02-14 09:55:59,126 INFO v.m.i.q.k.ManageToken [default task-14] Token:Bearer eyJhbGciOiJSUzI1NiIsInR5cCIgOiAiSldUIiwia2lkIiA6ICIxSEFyRGRxRFFHYWRWX3dKaUpSLXItdjlUbUpVVldILURxSzRBM0xQT2xvIn0.eyJleHAiOjE2NzYzNDM1NzcsImlhdCI6MTY3NjM0MzI3NywianRpIjoiMTIwNDcxYjEtZTA1Yi00ODlmLTk4YWMtZTBiZWFkMmYyOTY2IiwiaXNzIjoiaHR0cDovLzE5Mi4xNjguMTk4LjEyMDo4MDgxL2F1dGgvcmVhbG1zL1FyeXB0b1JlYWxtIiwiYXVkIjoiYWNjb3VudCIsInN1YiI6IjY1NDFiY2E4LWRkNTUtNDhiMi1hNTY5LTgyYzYwZGI5NDk1MyIsInR5cCI6IkJlYXJlciIsImF6cCI6InFyeXB0b1VzZXIiLCJzZXNzaW9uX3N0YXRlIjoiZGM0MGI0YzUtNGJlYS00ZDFhLWFiZWYtZDc3N2UzNDRlYTAxIiwiYWNyIjoiMSIsInJlYWxtX2FjY2VzcyI6eyJyb2xlcyI6WyJkZWZhdWx0LXJvbGVzLXFyeXB0b3JlYWxtIiwib2ZmbGluZV9hY2Nlc3MiLCJ1bWFfYXV0aG9yaXphdGlvbiJdfSwicmVzb3VyY2VfYWNjZXNzIjp7ImFjY291bnQiOnsicm9sZXMiOlsibWFuYWdlLWFjY291bnQiLCJtYW5hZ2UtYWNjb3VudC1saW5rcyIsInZpZXctcHJvZmlsZSJdfX0sInNjb3BlIjoicHJvZmlsZSBlbWFpbCIsInNpZCI6ImRjNDBiNGM1LTRiZWEtNGQxYS1hYmVmLWQ3NzdlMzQ0ZWEwMSIsImVtYWlsX3ZlcmlmaWVkIjpmYWxzZSwibmFtZSI6IlRhdCBHaWEiLCJwcmVmZXJyZWRfdXNlcm5hbWUiOiJ1c2VyMiIsImdpdmVuX25hbWUiOiJUYXQiLCJmYW1pbHlfbmFtZSI6IkdpYSIsImVtYWlsIjoiZ2lhdGtAbW9iaWxlLWlkLnZuIn0.sSMYU0Z_qv8JEHW9KhytrmZZtNCLX8ZDR1_L2Rza69shXLvrSusFgDxvyQL1lwCGbEz79mUmLNvQIrHiHEbc-b1mtm5pHg9SPsdrgjzXVSEiL5GtK_GYujSJmuviTP8sfoposWpGcQGWkiyCqCFoFEyZrKLaKpROwcT7ISCL_U5cSPvD0JsT8KNRpMWaECTuOCAMCgRKTL0Y4MvLzT35XohEUkMcXgEnxGgsa2_2Ldk9Q168DhHvU1a1cJsEgmjK0au_ET_O_eDqj3AIREELH6a2NGpD3YXCIHvPBz2K1O1upEaO2-xFwmjuoHVBwKZtN-Knp4RMcTiPBqXnQT_5kA
2023-02-14 09:55:59,126 DEBUG v.m.i.g.k.KeyCloakInvocation [default task-14] Verify accessToken
2023-02-14 09:55:59,127 DEBUG v.m.i.g.k.KeyCloakInvocation [default task-14] Before decode token
2023-02-14 09:55:59,127 DEBUG v.m.i.g.k.KeyCloakInvocation [default task-14] Header:eyJhbGciOiJSUzI1NiIsInR5cCIgOiAiSldUIiwia2lkIiA6ICIxSEFyRGRxRFFHYWRWX3dKaUpSLXItdjlUbUpVVldILURxSzRBM0xQT2xvIn0
2023-02-14 09:55:59,127 DEBUG v.m.i.g.k.KeyCloakInvocation [default task-14] Payload:eyJleHAiOjE2NzYzNDM1NzcsImlhdCI6MTY3NjM0MzI3NywianRpIjoiMTIwNDcxYjEtZTA1Yi00ODlmLTk4YWMtZTBiZWFkMmYyOTY2IiwiaXNzIjoiaHR0cDovLzE5Mi4xNjguMTk4LjEyMDo4MDgxL2F1dGgvcmVhbG1zL1FyeXB0b1JlYWxtIiwiYXVkIjoiYWNjb3VudCIsInN1YiI6IjY1NDFiY2E4LWRkNTUtNDhiMi1hNTY5LTgyYzYwZGI5NDk1MyIsInR5cCI6IkJlYXJlciIsImF6cCI6InFyeXB0b1VzZXIiLCJzZXNzaW9uX3N0YXRlIjoiZGM0MGI0YzUtNGJlYS00ZDFhLWFiZWYtZDc3N2UzNDRlYTAxIiwiYWNyIjoiMSIsInJlYWxtX2FjY2VzcyI6eyJyb2xlcyI6WyJkZWZhdWx0LXJvbGVzLXFyeXB0b3JlYWxtIiwib2ZmbGluZV9hY2Nlc3MiLCJ1bWFfYXV0aG9yaXphdGlvbiJdfSwicmVzb3VyY2VfYWNjZXNzIjp7ImFjY291bnQiOnsicm9sZXMiOlsibWFuYWdlLWFjY291bnQiLCJtYW5hZ2UtYWNjb3VudC1saW5rcyIsInZpZXctcHJvZmlsZSJdfX0sInNjb3BlIjoicHJvZmlsZSBlbWFpbCIsInNpZCI6ImRjNDBiNGM1LTRiZWEtNGQxYS1hYmVmLWQ3NzdlMzQ0ZWEwMSIsImVtYWlsX3ZlcmlmaWVkIjpmYWxzZSwibmFtZSI6IlRhdCBHaWEiLCJwcmVmZXJyZWRfdXNlcm5hbWUiOiJ1c2VyMiIsImdpdmVuX25hbWUiOiJUYXQiLCJmYW1pbHlfbmFtZSI6IkdpYSIsImVtYWlsIjoiZ2lhdGtAbW9iaWxlLWlkLnZuIn0
2023-02-14 09:55:59,127 DEBUG v.m.i.g.k.KeyCloakInvocation [default task-14] Signature:sSMYU0Z_qv8JEHW9KhytrmZZtNCLX8ZDR1_L2Rza69shXLvrSusFgDxvyQL1lwCGbEz79mUmLNvQIrHiHEbc-b1mtm5pHg9SPsdrgjzXVSEiL5GtK_GYujSJmuviTP8sfoposWpGcQGWkiyCqCFoFEyZrKLaKpROwcT7ISCL_U5cSPvD0JsT8KNRpMWaECTuOCAMCgRKTL0Y4MvLzT35XohEUkMcXgEnxGgsa2_2Ldk9Q168DhHvU1a1cJsEgmjK0au_ET_O_eDqj3AIREELH6a2NGpD3YXCIHvPBz2K1O1upEaO2-xFwmjuoHVBwKZtN-Knp4RMcTiPBqXnQT_5kA
2023-02-14 09:55:59,127 DEBUG v.m.i.g.k.KeyCloakInvocation [default task-14] Header:{"alg":"RS256","typ" : "JWT","kid" : "1HArDdqDQGadV_wJiJR-r-v9TmJUVWH-DqK4A3LPOlo"}
2023-02-14 09:55:59,128 DEBUG v.m.i.g.k.KeyCloakInvocation [default task-14] Alg:RS256
2023-02-14 09:55:59,128 DEBUG v.m.i.g.k.KeyCloakInvocation [default task-14] Payload:{"exp":1676343577,"iat":1676343277,"jti":"120471b1-e05b-489f-98ac-e0bead2f2966","iss":"http://192.168.198.120:8081/auth/realms/QryptoRealm","aud":"account","sub":"6541bca8-dd55-48b2-a569-82c60db94953","typ":"Bearer","azp":"qryptoUser","session_state":"dc40b4c5-4bea-4d1a-abef-d777e344ea01","acr":"1","realm_access":{"roles":["default-roles-qryptorealm","offline_access","uma_authorization"]},"resource_access":{"account":{"roles":["manage-account","manage-account-links","view-profile"]}},"scope":"profile email","sid":"dc40b4c5-4bea-4d1a-abef-d777e344ea01","email_verified":false,"name":"Tat Gia","preferred_username":"user2","given_name":"Tat","family_name":"Gia","email":"giatk@mobile-id.vn"}
2023-02-14 09:55:59,128 DEBUG v.m.i.g.k.KeyCloakInvocation [default task-14] Signature:sSMYU0Z_qv8JEHW9KhytrmZZtNCLX8ZDR1_L2Rza69shXLvrSusFgDxvyQL1lwCGbEz79mUmLNvQIrHiHEbc-b1mtm5pHg9SPsdrgjzXVSEiL5GtK_GYujSJmuviTP8sfoposWpGcQGWkiyCqCFoFEyZrKLaKpROwcT7ISCL_U5cSPvD0JsT8KNRpMWaECTuOCAMCgRKTL0Y4MvLzT35XohEUkMcXgEnxGgsa2_2Ldk9Q168DhHvU1a1cJsEgmjK0au_ET_O_eDqj3AIREELH6a2NGpD3YXCIHvPBz2K1O1upEaO2-xFwmjuoHVBwKZtN-Knp4RMcTiPBqXnQT_5kA
2023-02-14 09:55:59,133 INFO v.m.i.g.k.KeyCloakInvocation [default task-14] Verify Token
2023-02-14 09:55:59,149 DEBUG v.m.i.g.HttpRequest [default task-14] Received response from server http://192.168.198.120:8081/auth/realms/QryptoRealm/protocol/openid-connect/userinfo. HTTP status code: 200
Body: {"sub":"6541bca8-dd55-48b2-a569-82c60db94953","email_verified":false,"name":"Tat Gia","preferred_username":"user2","given_name":"Tat","family_name":"Gia","email":"giatk@mobile-id.vn"}
2023-02-14 09:55:59,150 DEBUG v.m.i.q.QryptoService [default task-14] Check Token Successfully
2023-02-14 09:55:59,157 DEBUG v.m.i.g.d.DatabaseImpl [default task-14] [SQL] com.mysql.cj.jdbc.CallableStatement: CALL USP_WORKFLOW_DETAIL_GET(48,** NOT SPECIFIED **) 
2023-02-14 09:55:59,162 DEBUG v.m.i.g.d.DatabaseImpl [default task-14] Execution time of get Workflow Details - Option in milliseconds: 10
2023-02-14 09:56:03,632 DEBUG v.m.i.g.a.ServicesController [default task-15] 
---------
GetAllWorkflow request:
	METHOD:GET
	ContentType:null
	Body:null
2023-02-14 09:56:03,632 INFO v.m.i.q.k.ManageToken [default task-15] Checking Header!!
2023-02-14 09:56:03,632 INFO v.m.i.q.k.ManageToken [default task-15] Token:Bearer eyJhbGciOiJSUzI1NiIsInR5cCIgOiAiSldUIiwia2lkIiA6ICIxSEFyRGRxRFFHYWRWX3dKaUpSLXItdjlUbUpVVldILURxSzRBM0xQT2xvIn0.eyJleHAiOjE2NzYzNDM1NzcsImlhdCI6MTY3NjM0MzI3NywianRpIjoiMTIwNDcxYjEtZTA1Yi00ODlmLTk4YWMtZTBiZWFkMmYyOTY2IiwiaXNzIjoiaHR0cDovLzE5Mi4xNjguMTk4LjEyMDo4MDgxL2F1dGgvcmVhbG1zL1FyeXB0b1JlYWxtIiwiYXVkIjoiYWNjb3VudCIsInN1YiI6IjY1NDFiY2E4LWRkNTUtNDhiMi1hNTY5LTgyYzYwZGI5NDk1MyIsInR5cCI6IkJlYXJlciIsImF6cCI6InFyeXB0b1VzZXIiLCJzZXNzaW9uX3N0YXRlIjoiZGM0MGI0YzUtNGJlYS00ZDFhLWFiZWYtZDc3N2UzNDRlYTAxIiwiYWNyIjoiMSIsInJlYWxtX2FjY2VzcyI6eyJyb2xlcyI6WyJkZWZhdWx0LXJvbGVzLXFyeXB0b3JlYWxtIiwib2ZmbGluZV9hY2Nlc3MiLCJ1bWFfYXV0aG9yaXphdGlvbiJdfSwicmVzb3VyY2VfYWNjZXNzIjp7ImFjY291bnQiOnsicm9sZXMiOlsibWFuYWdlLWFjY291bnQiLCJtYW5hZ2UtYWNjb3VudC1saW5rcyIsInZpZXctcHJvZmlsZSJdfX0sInNjb3BlIjoicHJvZmlsZSBlbWFpbCIsInNpZCI6ImRjNDBiNGM1LTRiZWEtNGQxYS1hYmVmLWQ3NzdlMzQ0ZWEwMSIsImVtYWlsX3ZlcmlmaWVkIjpmYWxzZSwibmFtZSI6IlRhdCBHaWEiLCJwcmVmZXJyZWRfdXNlcm5hbWUiOiJ1c2VyMiIsImdpdmVuX25hbWUiOiJUYXQiLCJmYW1pbHlfbmFtZSI6IkdpYSIsImVtYWlsIjoiZ2lhdGtAbW9iaWxlLWlkLnZuIn0.sSMYU0Z_qv8JEHW9KhytrmZZtNCLX8ZDR1_L2Rza69shXLvrSusFgDxvyQL1lwCGbEz79mUmLNvQIrHiHEbc-b1mtm5pHg9SPsdrgjzXVSEiL5GtK_GYujSJmuviTP8sfoposWpGcQGWkiyCqCFoFEyZrKLaKpROwcT7ISCL_U5cSPvD0JsT8KNRpMWaECTuOCAMCgRKTL0Y4MvLzT35XohEUkMcXgEnxGgsa2_2Ldk9Q168DhHvU1a1cJsEgmjK0au_ET_O_eDqj3AIREELH6a2NGpD3YXCIHvPBz2K1O1upEaO2-xFwmjuoHVBwKZtN-Knp4RMcTiPBqXnQT_5kA
2023-02-14 09:56:03,632 DEBUG v.m.i.g.k.KeyCloakInvocation [default task-15] Verify accessToken
2023-02-14 09:56:03,633 DEBUG v.m.i.g.k.KeyCloakInvocation [default task-15] Before decode token
2023-02-14 09:56:03,633 DEBUG v.m.i.g.k.KeyCloakInvocation [default task-15] Header:eyJhbGciOiJSUzI1NiIsInR5cCIgOiAiSldUIiwia2lkIiA6ICIxSEFyRGRxRFFHYWRWX3dKaUpSLXItdjlUbUpVVldILURxSzRBM0xQT2xvIn0
2023-02-14 09:56:03,633 DEBUG v.m.i.g.k.KeyCloakInvocation [default task-15] Payload:eyJleHAiOjE2NzYzNDM1NzcsImlhdCI6MTY3NjM0MzI3NywianRpIjoiMTIwNDcxYjEtZTA1Yi00ODlmLTk4YWMtZTBiZWFkMmYyOTY2IiwiaXNzIjoiaHR0cDovLzE5Mi4xNjguMTk4LjEyMDo4MDgxL2F1dGgvcmVhbG1zL1FyeXB0b1JlYWxtIiwiYXVkIjoiYWNjb3VudCIsInN1YiI6IjY1NDFiY2E4LWRkNTUtNDhiMi1hNTY5LTgyYzYwZGI5NDk1MyIsInR5cCI6IkJlYXJlciIsImF6cCI6InFyeXB0b1VzZXIiLCJzZXNzaW9uX3N0YXRlIjoiZGM0MGI0YzUtNGJlYS00ZDFhLWFiZWYtZDc3N2UzNDRlYTAxIiwiYWNyIjoiMSIsInJlYWxtX2FjY2VzcyI6eyJyb2xlcyI6WyJkZWZhdWx0LXJvbGVzLXFyeXB0b3JlYWxtIiwib2ZmbGluZV9hY2Nlc3MiLCJ1bWFfYXV0aG9yaXphdGlvbiJdfSwicmVzb3VyY2VfYWNjZXNzIjp7ImFjY291bnQiOnsicm9sZXMiOlsibWFuYWdlLWFjY291bnQiLCJtYW5hZ2UtYWNjb3VudC1saW5rcyIsInZpZXctcHJvZmlsZSJdfX0sInNjb3BlIjoicHJvZmlsZSBlbWFpbCIsInNpZCI6ImRjNDBiNGM1LTRiZWEtNGQxYS1hYmVmLWQ3NzdlMzQ0ZWEwMSIsImVtYWlsX3ZlcmlmaWVkIjpmYWxzZSwibmFtZSI6IlRhdCBHaWEiLCJwcmVmZXJyZWRfdXNlcm5hbWUiOiJ1c2VyMiIsImdpdmVuX25hbWUiOiJUYXQiLCJmYW1pbHlfbmFtZSI6IkdpYSIsImVtYWlsIjoiZ2lhdGtAbW9iaWxlLWlkLnZuIn0
2023-02-14 09:56:03,633 DEBUG v.m.i.g.k.KeyCloakInvocation [default task-15] Signature:sSMYU0Z_qv8JEHW9KhytrmZZtNCLX8ZDR1_L2Rza69shXLvrSusFgDxvyQL1lwCGbEz79mUmLNvQIrHiHEbc-b1mtm5pHg9SPsdrgjzXVSEiL5GtK_GYujSJmuviTP8sfoposWpGcQGWkiyCqCFoFEyZrKLaKpROwcT7ISCL_U5cSPvD0JsT8KNRpMWaECTuOCAMCgRKTL0Y4MvLzT35XohEUkMcXgEnxGgsa2_2Ldk9Q168DhHvU1a1cJsEgmjK0au_ET_O_eDqj3AIREELH6a2NGpD3YXCIHvPBz2K1O1upEaO2-xFwmjuoHVBwKZtN-Knp4RMcTiPBqXnQT_5kA
2023-02-14 09:56:03,634 DEBUG v.m.i.g.k.KeyCloakInvocation [default task-15] Header:{"alg":"RS256","typ" : "JWT","kid" : "1HArDdqDQGadV_wJiJR-r-v9TmJUVWH-DqK4A3LPOlo"}
2023-02-14 09:56:03,634 DEBUG v.m.i.g.k.KeyCloakInvocation [default task-15] Alg:RS256
2023-02-14 09:56:03,634 DEBUG v.m.i.g.k.KeyCloakInvocation [default task-15] Payload:{"exp":1676343577,"iat":1676343277,"jti":"120471b1-e05b-489f-98ac-e0bead2f2966","iss":"http://192.168.198.120:8081/auth/realms/QryptoRealm","aud":"account","sub":"6541bca8-dd55-48b2-a569-82c60db94953","typ":"Bearer","azp":"qryptoUser","session_state":"dc40b4c5-4bea-4d1a-abef-d777e344ea01","acr":"1","realm_access":{"roles":["default-roles-qryptorealm","offline_access","uma_authorization"]},"resource_access":{"account":{"roles":["manage-account","manage-account-links","view-profile"]}},"scope":"profile email","sid":"dc40b4c5-4bea-4d1a-abef-d777e344ea01","email_verified":false,"name":"Tat Gia","preferred_username":"user2","given_name":"Tat","family_name":"Gia","email":"giatk@mobile-id.vn"}
2023-02-14 09:56:03,634 DEBUG v.m.i.g.k.KeyCloakInvocation [default task-15] Signature:sSMYU0Z_qv8JEHW9KhytrmZZtNCLX8ZDR1_L2Rza69shXLvrSusFgDxvyQL1lwCGbEz79mUmLNvQIrHiHEbc-b1mtm5pHg9SPsdrgjzXVSEiL5GtK_GYujSJmuviTP8sfoposWpGcQGWkiyCqCFoFEyZrKLaKpROwcT7ISCL_U5cSPvD0JsT8KNRpMWaECTuOCAMCgRKTL0Y4MvLzT35XohEUkMcXgEnxGgsa2_2Ldk9Q168DhHvU1a1cJsEgmjK0au_ET_O_eDqj3AIREELH6a2NGpD3YXCIHvPBz2K1O1upEaO2-xFwmjuoHVBwKZtN-Knp4RMcTiPBqXnQT_5kA
2023-02-14 09:56:03,639 INFO v.m.i.g.k.KeyCloakInvocation [default task-15] Verify Token
2023-02-14 09:56:03,652 DEBUG v.m.i.g.HttpRequest [default task-15] Received response from server http://192.168.198.120:8081/auth/realms/QryptoRealm/protocol/openid-connect/userinfo. HTTP status code: 200
Body: {"sub":"6541bca8-dd55-48b2-a569-82c60db94953","email_verified":false,"name":"Tat Gia","preferred_username":"user2","given_name":"Tat","family_name":"Gia","email":"giatk@mobile-id.vn"}
2023-02-14 09:56:03,652 DEBUG v.m.i.q.QryptoService [default task-15] Check Token Successfully
2023-02-14 09:56:03,660 DEBUG v.m.i.g.d.DatabaseImpl [default task-15] [SQL] com.mysql.cj.jdbc.CallableStatement: CALL USP_WORKFLOW_LIST_GET(3,** NOT SPECIFIED **) 
2023-02-14 09:56:03,665 DEBUG v.m.i.g.d.DatabaseImpl [default task-15] Execution time of get list Workflow in milliseconds: 10
2023-02-14 09:56:09,497 DEBUG v.m.i.g.a.ServicesController [default task-16] 
---------
getWorkflow request:
	METHOD:GET
	ContentType:null
	Body:null
2023-02-14 09:56:09,498 INFO v.m.i.q.k.ManageToken [default task-16] Checking Header!!
2023-02-14 09:56:09,498 INFO v.m.i.q.k.ManageToken [default task-16] Token:Bearer eyJhbGciOiJSUzI1NiIsInR5cCIgOiAiSldUIiwia2lkIiA6ICIxSEFyRGRxRFFHYWRWX3dKaUpSLXItdjlUbUpVVldILURxSzRBM0xQT2xvIn0.eyJleHAiOjE2NzYzNDM1NzcsImlhdCI6MTY3NjM0MzI3NywianRpIjoiMTIwNDcxYjEtZTA1Yi00ODlmLTk4YWMtZTBiZWFkMmYyOTY2IiwiaXNzIjoiaHR0cDovLzE5Mi4xNjguMTk4LjEyMDo4MDgxL2F1dGgvcmVhbG1zL1FyeXB0b1JlYWxtIiwiYXVkIjoiYWNjb3VudCIsInN1YiI6IjY1NDFiY2E4LWRkNTUtNDhiMi1hNTY5LTgyYzYwZGI5NDk1MyIsInR5cCI6IkJlYXJlciIsImF6cCI6InFyeXB0b1VzZXIiLCJzZXNzaW9uX3N0YXRlIjoiZGM0MGI0YzUtNGJlYS00ZDFhLWFiZWYtZDc3N2UzNDRlYTAxIiwiYWNyIjoiMSIsInJlYWxtX2FjY2VzcyI6eyJyb2xlcyI6WyJkZWZhdWx0LXJvbGVzLXFyeXB0b3JlYWxtIiwib2ZmbGluZV9hY2Nlc3MiLCJ1bWFfYXV0aG9yaXphdGlvbiJdfSwicmVzb3VyY2VfYWNjZXNzIjp7ImFjY291bnQiOnsicm9sZXMiOlsibWFuYWdlLWFjY291bnQiLCJtYW5hZ2UtYWNjb3VudC1saW5rcyIsInZpZXctcHJvZmlsZSJdfX0sInNjb3BlIjoicHJvZmlsZSBlbWFpbCIsInNpZCI6ImRjNDBiNGM1LTRiZWEtNGQxYS1hYmVmLWQ3NzdlMzQ0ZWEwMSIsImVtYWlsX3ZlcmlmaWVkIjpmYWxzZSwibmFtZSI6IlRhdCBHaWEiLCJwcmVmZXJyZWRfdXNlcm5hbWUiOiJ1c2VyMiIsImdpdmVuX25hbWUiOiJUYXQiLCJmYW1pbHlfbmFtZSI6IkdpYSIsImVtYWlsIjoiZ2lhdGtAbW9iaWxlLWlkLnZuIn0.sSMYU0Z_qv8JEHW9KhytrmZZtNCLX8ZDR1_L2Rza69shXLvrSusFgDxvyQL1lwCGbEz79mUmLNvQIrHiHEbc-b1mtm5pHg9SPsdrgjzXVSEiL5GtK_GYujSJmuviTP8sfoposWpGcQGWkiyCqCFoFEyZrKLaKpROwcT7ISCL_U5cSPvD0JsT8KNRpMWaECTuOCAMCgRKTL0Y4MvLzT35XohEUkMcXgEnxGgsa2_2Ldk9Q168DhHvU1a1cJsEgmjK0au_ET_O_eDqj3AIREELH6a2NGpD3YXCIHvPBz2K1O1upEaO2-xFwmjuoHVBwKZtN-Knp4RMcTiPBqXnQT_5kA
2023-02-14 09:56:09,499 DEBUG v.m.i.g.k.KeyCloakInvocation [default task-16] Verify accessToken
2023-02-14 09:56:09,500 DEBUG v.m.i.g.k.KeyCloakInvocation [default task-16] Before decode token
2023-02-14 09:56:09,500 DEBUG v.m.i.g.k.KeyCloakInvocation [default task-16] Header:eyJhbGciOiJSUzI1NiIsInR5cCIgOiAiSldUIiwia2lkIiA6ICIxSEFyRGRxRFFHYWRWX3dKaUpSLXItdjlUbUpVVldILURxSzRBM0xQT2xvIn0
2023-02-14 09:56:09,500 DEBUG v.m.i.g.k.KeyCloakInvocation [default task-16] Payload:eyJleHAiOjE2NzYzNDM1NzcsImlhdCI6MTY3NjM0MzI3NywianRpIjoiMTIwNDcxYjEtZTA1Yi00ODlmLTk4YWMtZTBiZWFkMmYyOTY2IiwiaXNzIjoiaHR0cDovLzE5Mi4xNjguMTk4LjEyMDo4MDgxL2F1dGgvcmVhbG1zL1FyeXB0b1JlYWxtIiwiYXVkIjoiYWNjb3VudCIsInN1YiI6IjY1NDFiY2E4LWRkNTUtNDhiMi1hNTY5LTgyYzYwZGI5NDk1MyIsInR5cCI6IkJlYXJlciIsImF6cCI6InFyeXB0b1VzZXIiLCJzZXNzaW9uX3N0YXRlIjoiZGM0MGI0YzUtNGJlYS00ZDFhLWFiZWYtZDc3N2UzNDRlYTAxIiwiYWNyIjoiMSIsInJlYWxtX2FjY2VzcyI6eyJyb2xlcyI6WyJkZWZhdWx0LXJvbGVzLXFyeXB0b3JlYWxtIiwib2ZmbGluZV9hY2Nlc3MiLCJ1bWFfYXV0aG9yaXphdGlvbiJdfSwicmVzb3VyY2VfYWNjZXNzIjp7ImFjY291bnQiOnsicm9sZXMiOlsibWFuYWdlLWFjY291bnQiLCJtYW5hZ2UtYWNjb3VudC1saW5rcyIsInZpZXctcHJvZmlsZSJdfX0sInNjb3BlIjoicHJvZmlsZSBlbWFpbCIsInNpZCI6ImRjNDBiNGM1LTRiZWEtNGQxYS1hYmVmLWQ3NzdlMzQ0ZWEwMSIsImVtYWlsX3ZlcmlmaWVkIjpmYWxzZSwibmFtZSI6IlRhdCBHaWEiLCJwcmVmZXJyZWRfdXNlcm5hbWUiOiJ1c2VyMiIsImdpdmVuX25hbWUiOiJUYXQiLCJmYW1pbHlfbmFtZSI6IkdpYSIsImVtYWlsIjoiZ2lhdGtAbW9iaWxlLWlkLnZuIn0
2023-02-14 09:56:09,500 DEBUG v.m.i.g.k.KeyCloakInvocation [default task-16] Signature:sSMYU0Z_qv8JEHW9KhytrmZZtNCLX8ZDR1_L2Rza69shXLvrSusFgDxvyQL1lwCGbEz79mUmLNvQIrHiHEbc-b1mtm5pHg9SPsdrgjzXVSEiL5GtK_GYujSJmuviTP8sfoposWpGcQGWkiyCqCFoFEyZrKLaKpROwcT7ISCL_U5cSPvD0JsT8KNRpMWaECTuOCAMCgRKTL0Y4MvLzT35XohEUkMcXgEnxGgsa2_2Ldk9Q168DhHvU1a1cJsEgmjK0au_ET_O_eDqj3AIREELH6a2NGpD3YXCIHvPBz2K1O1upEaO2-xFwmjuoHVBwKZtN-Knp4RMcTiPBqXnQT_5kA
2023-02-14 09:56:09,501 DEBUG v.m.i.g.k.KeyCloakInvocation [default task-16] Header:{"alg":"RS256","typ" : "JWT","kid" : "1HArDdqDQGadV_wJiJR-r-v9TmJUVWH-DqK4A3LPOlo"}
2023-02-14 09:56:09,501 DEBUG v.m.i.g.k.KeyCloakInvocation [default task-16] Alg:RS256
2023-02-14 09:56:09,501 DEBUG v.m.i.g.k.KeyCloakInvocation [default task-16] Payload:{"exp":1676343577,"iat":1676343277,"jti":"120471b1-e05b-489f-98ac-e0bead2f2966","iss":"http://192.168.198.120:8081/auth/realms/QryptoRealm","aud":"account","sub":"6541bca8-dd55-48b2-a569-82c60db94953","typ":"Bearer","azp":"qryptoUser","session_state":"dc40b4c5-4bea-4d1a-abef-d777e344ea01","acr":"1","realm_access":{"roles":["default-roles-qryptorealm","offline_access","uma_authorization"]},"resource_access":{"account":{"roles":["manage-account","manage-account-links","view-profile"]}},"scope":"profile email","sid":"dc40b4c5-4bea-4d1a-abef-d777e344ea01","email_verified":false,"name":"Tat Gia","preferred_username":"user2","given_name":"Tat","family_name":"Gia","email":"giatk@mobile-id.vn"}
2023-02-14 09:56:09,501 DEBUG v.m.i.g.k.KeyCloakInvocation [default task-16] Signature:sSMYU0Z_qv8JEHW9KhytrmZZtNCLX8ZDR1_L2Rza69shXLvrSusFgDxvyQL1lwCGbEz79mUmLNvQIrHiHEbc-b1mtm5pHg9SPsdrgjzXVSEiL5GtK_GYujSJmuviTP8sfoposWpGcQGWkiyCqCFoFEyZrKLaKpROwcT7ISCL_U5cSPvD0JsT8KNRpMWaECTuOCAMCgRKTL0Y4MvLzT35XohEUkMcXgEnxGgsa2_2Ldk9Q168DhHvU1a1cJsEgmjK0au_ET_O_eDqj3AIREELH6a2NGpD3YXCIHvPBz2K1O1upEaO2-xFwmjuoHVBwKZtN-Knp4RMcTiPBqXnQT_5kA
2023-02-14 09:56:09,509 INFO v.m.i.g.k.KeyCloakInvocation [default task-16] Verify Token
2023-02-14 09:56:09,525 DEBUG v.m.i.g.HttpRequest [default task-16] Received response from server http://192.168.198.120:8081/auth/realms/QryptoRealm/protocol/openid-connect/userinfo. HTTP status code: 200
Body: {"sub":"6541bca8-dd55-48b2-a569-82c60db94953","email_verified":false,"name":"Tat Gia","preferred_username":"user2","given_name":"Tat","family_name":"Gia","email":"giatk@mobile-id.vn"}
2023-02-14 09:56:09,525 DEBUG v.m.i.q.QryptoService [default task-16] Check Token Successfully
2023-02-14 09:56:09,530 DEBUG v.m.i.g.d.DatabaseImpl [default task-16] [SQL] com.mysql.cj.jdbc.CallableStatement: CALL USP_WORKFLOW_GET(30,** NOT SPECIFIED **) 
2023-02-14 09:56:09,533 DEBUG v.m.i.g.d.DatabaseImpl [default task-16] Execution time of get Workflow in milliseconds: 7
