2023-02-15 08:51:18,143 DEBUG v.m.i.g.a.ServicesController [default task-1] 
---------
Authenticate request:
	METHOD:POST
	ContentType:application/json
	Body:{
    "grant_type":"password",
    "client_id":"qryptoUser",
    "username":"user2",
    "password":"thienthan123"
}
2023-02-15 08:51:19,029 DEBUG v.m.i.g.d.DatabaseImpl [default task-1] [SQL] com.mysql.cj.jdbc.CallableStatement: CALL USP_LOGIN('user2','thienthan123',** NOT SPECIFIED **,** NOT SPECIFIED **) 
2023-02-15 08:51:19,042 DEBUG v.m.i.g.d.DatabaseImpl [default task-1] [SQL] com.mysql.cj.jdbc.CallableStatement: CALL USP_RESPONSE_GET_LIST() 
2023-02-15 08:51:19,047 DEBUG v.m.i.g.d.DatabaseImpl [default task-1] Execution time of getResponseCodes in milliseconds: 9
2023-02-15 08:51:34,213 DEBUG v.m.i.g.a.ServicesController [default task-2] 
---------
Authenticate request:
	METHOD:POST
	ContentType:application/json
	Body:{
    "grant_type":"password",
    "client_id":"qryptoUser",
    "username":"giatk@mobile-id.vn",
    "password":"thienthan123"
}
2023-02-15 08:51:34,245 DEBUG v.m.i.g.d.DatabaseImpl [default task-2] [SQL] com.mysql.cj.jdbc.CallableStatement: CALL USP_LOGIN('giatk@mobile-id.vn','thienthan123',** NOT SPECIFIED **,** NOT SPECIFIED **) 
2023-02-15 08:52:48,733 DEBUG v.m.i.g.a.ServicesController [default task-3] 
---------
Authenticate request:
	METHOD:POST
	ContentType:application/json
	Body:{
    "grant_type":"password",
    "client_id":"qryptoUser",
    "username":"giatk@mobile-id.vn",
    "password":"thienthan123"
}
2023-02-15 08:52:49,125 DEBUG v.m.i.g.d.DatabaseImpl [default task-3] [SQL] com.mysql.cj.jdbc.CallableStatement: CALL USP_LOGIN('giatk@mobile-id.vn','thienthan123',** NOT SPECIFIED **,** NOT SPECIFIED **) 
2023-02-15 08:56:03,846 DEBUG v.m.i.g.a.ServicesController [default task-4] 
---------
Authenticate request:
	METHOD:POST
	ContentType:application/json
	Body:{
    "grant_type":"password",
    "client_id":"qryptoUser",
    "username":"giatk@mobile-id.vn",
    "password":"thienthan123"
}
2023-02-15 08:56:04,181 DEBUG v.m.i.g.d.DatabaseImpl [default task-4] [SQL] com.mysql.cj.jdbc.CallableStatement: CALL USP_LOGIN('giatk@mobile-id.vn','thienthan123',** NOT SPECIFIED **,** NOT SPECIFIED **) 
2023-02-15 08:56:10,715 DEBUG v.m.i.g.a.ServicesController [default task-5] 
---------
Authenticate request:
	METHOD:POST
	ContentType:application/json
	Body:{"client_id":"qryptoUser","grant_type":"password","password":"","username":""}
2023-02-15 08:56:10,732 DEBUG v.m.i.g.d.DatabaseImpl [default task-5] [SQL] com.mysql.cj.jdbc.CallableStatement: CALL USP_LOGIN('','',** NOT SPECIFIED **,** NOT SPECIFIED **) 
2023-02-15 08:56:10,743 DEBUG v.m.i.g.d.DatabaseImpl [default task-5] [SQL] com.mysql.cj.jdbc.CallableStatement: CALL USP_RESPONSE_GET_LIST() 
2023-02-15 08:56:10,748 DEBUG v.m.i.g.d.DatabaseImpl [default task-5] Execution time of getResponseCodes in milliseconds: 9
2023-02-15 08:57:48,296 DEBUG v.m.i.g.a.ServicesController [default task-6] 
---------
Authenticate request:
	METHOD:POST
	ContentType:application/json
	Body:{"client_id":"qryptoUser","grant_type":"password","password":"thienthan123","username":"user2"}
2023-02-15 08:57:48,305 DEBUG v.m.i.g.d.DatabaseImpl [default task-6] [SQL] com.mysql.cj.jdbc.CallableStatement: CALL USP_LOGIN('user2','thienthan123',** NOT SPECIFIED **,** NOT SPECIFIED **) 
2023-02-15 08:58:20,959 DEBUG v.m.i.g.a.ServicesController [default task-7] 
---------
Authenticate request:
	METHOD:POST
	ContentType:application/json
	Body:{
    "grant_type":"password",
    "client_id":"qryptoUser",
    "username":"user2",
    "password":"thienthan123"
}
2023-02-15 08:58:20,971 DEBUG v.m.i.g.d.DatabaseImpl [default task-7] [SQL] com.mysql.cj.jdbc.CallableStatement: CALL USP_LOGIN('user2','thienthan123',** NOT SPECIFIED **,** NOT SPECIFIED **) 
2023-02-15 08:59:21,865 DEBUG v.m.i.g.a.ServicesController [default task-8] 
---------
Authenticate request:
	METHOD:POST
	ContentType:application/json
	Body:{
    "grant_type":"password",
    "client_id":"qryptoUser",
    "username":"giatk@mobile-id.vn",
    "password":"thienthan123"
}
2023-02-15 08:59:22,192 DEBUG v.m.i.g.d.DatabaseImpl [default task-8] [SQL] com.mysql.cj.jdbc.CallableStatement: CALL USP_LOGIN('giatk@mobile-id.vn','thienthan123',** NOT SPECIFIED **,** NOT SPECIFIED **) 
