[ERROR] 2023-01-11 15:23:59.571 [default task-1] DatabaseImpl -- Error while getting Response Code. Details: java.sql.SQLException: No parameter named 'pRESPONSE_CODE_NAME'
	at com.mysql.cj.jdbc.exceptions.SQLError.createSQLException(SQLError.java:129)
	at com.mysql.cj.jdbc.exceptions.SQLError.createSQLException(SQLError.java:97)
	at com.mysql.cj.jdbc.exceptions.SQLError.createSQLException(SQLError.java:89)
	at com.mysql.cj.jdbc.exceptions.SQLError.createSQLException(SQLError.java:63)
	at com.mysql.cj.jdbc.CallableStatement.getNamedParamIndex(CallableStatement.java:1332)
	at com.mysql.cj.jdbc.CallableStatement.setString(CallableStatement.java:2097)
	at org.apache.commons.dbcp2.DelegatingCallableStatement.setString(DelegatingCallableStatement.java:1314)
	at org.apache.commons.dbcp2.DelegatingCallableStatement.setString(DelegatingCallableStatement.java:1314)
	at vn.mobileid.id.general.database.DatabaseImpl.getResponse(DatabaseImpl.java:95)
	at vn.mobileid.id.qrypto.objects.QryptoMessageResponse.getAccessTokenMessage(QryptoMessageResponse.java:121)
	at vn.mobileid.id.qrypto.kernel.ManageToken.processJSON_getToken(ManageToken.java:106)
	at vn.mobileid.id.qrypto.QryptoService.getToken(QryptoService.java:89)
	at vn.mobileid.id.general.api.ServicesController.AuthenticateJSON(ServicesController.java:56)
	at sun.reflect.NativeMethodAccessorImpl.invoke0(Native Method)
	at sun.reflect.NativeMethodAccessorImpl.invoke(NativeMethodAccessorImpl.java:62)
	at sun.reflect.DelegatingMethodAccessorImpl.invoke(DelegatingMethodAccessorImpl.java:43)
	at java.lang.reflect.Method.invoke(Method.java:498)
	at org.glassfish.jersey.server.model.internal.ResourceMethodInvocationHandlerFactory$1.invoke(ResourceMethodInvocationHandlerFactory.java:81)
	at org.glassfish.jersey.server.model.internal.AbstractJavaResourceMethodDispatcher$1.run(AbstractJavaResourceMethodDispatcher.java:144)
	at org.glassfish.jersey.server.model.internal.AbstractJavaResourceMethodDispatcher.invoke(AbstractJavaResourceMethodDispatcher.java:161)
	at org.glassfish.jersey.server.model.internal.JavaResourceMethodDispatcherProvider$ResponseOutInvoker.doDispatch(JavaResourceMethodDispatcherProvider.java:160)
	at org.glassfish.jersey.server.model.internal.AbstractJavaResourceMethodDispatcher.dispatch(AbstractJavaResourceMethodDispatcher.java:99)
	at org.glassfish.jersey.server.model.ResourceMethodInvoker.invoke(ResourceMethodInvoker.java:389)
	at org.glassfish.jersey.server.model.ResourceMethodInvoker.apply(ResourceMethodInvoker.java:347)
	at org.glassfish.jersey.server.model.ResourceMethodInvoker.apply(ResourceMethodInvoker.java:102)
	at org.glassfish.jersey.server.ServerRuntime$2.run(ServerRuntime.java:326)
	at org.glassfish.jersey.internal.Errors$1.call(Errors.java:271)
	at org.glassfish.jersey.internal.Errors$1.call(Errors.java:267)
	at org.glassfish.jersey.internal.Errors.process(Errors.java:315)
	at org.glassfish.jersey.internal.Errors.process(Errors.java:297)
	at org.glassfish.jersey.internal.Errors.process(Errors.java:267)
	at org.glassfish.jersey.process.internal.RequestScope.runInScope(RequestScope.java:317)
	at org.glassfish.jersey.server.ServerRuntime.process(ServerRuntime.java:305)
	at org.glassfish.jersey.server.ApplicationHandler.handle(ApplicationHandler.java:1154)
	at org.glassfish.jersey.servlet.WebComponent.serviceImpl(WebComponent.java:473)
	at org.glassfish.jersey.servlet.WebComponent.service(WebComponent.java:427)
	at org.glassfish.jersey.servlet.ServletContainer.service(ServletContainer.java:388)
	at org.glassfish.jersey.servlet.ServletContainer.service(ServletContainer.java:341)
	at org.glassfish.jersey.servlet.ServletContainer.service(ServletContainer.java:228)
	at io.undertow.servlet.handlers.ServletHandler.handleRequest(ServletHandler.java:85)
	at io.undertow.servlet.handlers.security.ServletSecurityRoleHandler.handleRequest(ServletSecurityRoleHandler.java:62)
	at io.undertow.servlet.handlers.ServletDispatchingHandler.handleRequest(ServletDispatchingHandler.java:36)
	at org.wildfly.extension.undertow.security.SecurityContextAssociationHandler.handleRequest(SecurityContextAssociationHandler.java:78)
	at io.undertow.server.handlers.PredicateHandler.handleRequest(PredicateHandler.java:43)
	at io.undertow.servlet.handlers.security.SSLInformationAssociationHandler.handleRequest(SSLInformationAssociationHandler.java:131)
	at io.undertow.servlet.handlers.security.ServletAuthenticationCallHandler.handleRequest(ServletAuthenticationCallHandler.java:57)
	at io.undertow.server.handlers.PredicateHandler.handleRequest(PredicateHandler.java:43)
	at io.undertow.security.handlers.AbstractConfidentialityHandler.handleRequest(AbstractConfidentialityHandler.java:46)
	at io.undertow.servlet.handlers.security.ServletConfidentialityConstraintHandler.handleRequest(ServletConfidentialityConstraintHandler.java:64)
	at io.undertow.security.handlers.AuthenticationMechanismsHandler.handleRequest(AuthenticationMechanismsHandler.java:60)
	at io.undertow.servlet.handlers.security.CachedAuthenticatedSessionHandler.handleRequest(CachedAuthenticatedSessionHandler.java:77)
	at io.undertow.security.handlers.NotificationReceiverHandler.handleRequest(NotificationReceiverHandler.java:50)
	at io.undertow.security.handlers.AbstractSecurityContextAssociationHandler.handleRequest(AbstractSecurityContextAssociationHandler.java:43)
	at io.undertow.server.handlers.PredicateHandler.handleRequest(PredicateHandler.java:43)
	at org.wildfly.extension.undertow.security.jacc.JACCContextIdHandler.handleRequest(JACCContextIdHandler.java:61)
	at io.undertow.server.handlers.PredicateHandler.handleRequest(PredicateHandler.java:43)
	at io.undertow.server.handlers.PredicateHandler.handleRequest(PredicateHandler.java:43)
	at io.undertow.servlet.handlers.ServletInitialHandler.handleFirstRequest(ServletInitialHandler.java:292)
	at io.undertow.servlet.handlers.ServletInitialHandler.access$100(ServletInitialHandler.java:81)
	at io.undertow.servlet.handlers.ServletInitialHandler$2.call(ServletInitialHandler.java:138)
	at io.undertow.servlet.handlers.ServletInitialHandler$2.call(ServletInitialHandler.java:135)
	at io.undertow.servlet.core.ServletRequestContextThreadSetupAction$1.call(ServletRequestContextThreadSetupAction.java:48)
	at io.undertow.servlet.core.ContextClassLoaderSetupAction$1.call(ContextClassLoaderSetupAction.java:43)
	at io.undertow.servlet.api.LegacyThreadSetupActionWrapper$1.call(LegacyThreadSetupActionWrapper.java:44)
	at io.undertow.servlet.api.LegacyThreadSetupActionWrapper$1.call(LegacyThreadSetupActionWrapper.java:44)
	at io.undertow.servlet.api.LegacyThreadSetupActionWrapper$1.call(LegacyThreadSetupActionWrapper.java:44)
	at io.undertow.servlet.api.LegacyThreadSetupActionWrapper$1.call(LegacyThreadSetupActionWrapper.java:44)
	at io.undertow.servlet.api.LegacyThreadSetupActionWrapper$1.call(LegacyThreadSetupActionWrapper.java:44)
	at io.undertow.servlet.handlers.ServletInitialHandler.dispatchRequest(ServletInitialHandler.java:272)
	at io.undertow.servlet.handlers.ServletInitialHandler.access$000(ServletInitialHandler.java:81)
	at io.undertow.servlet.handlers.ServletInitialHandler$1.handleRequest(ServletInitialHandler.java:104)
	at io.undertow.server.Connectors.executeRootHandler(Connectors.java:202)
	at io.undertow.server.HttpServerExchange$1.run(HttpServerExchange.java:805)
	at java.util.concurrent.ThreadPoolExecutor.runWorker(ThreadPoolExecutor.java:1149)
	at java.util.concurrent.ThreadPoolExecutor$Worker.run(ThreadPoolExecutor.java:624)
	at java.lang.Thread.run(Thread.java:748)

[ERROR] 2023-01-11 15:23:59.651 [default task-1] QryptoMessageResponse -- Response code 0 is not defined in database.
[INFO ] 2023-01-11 15:32:46.001 [default task-13] ManageToken -- Checking Header!!
[INFO ] 2023-01-11 15:32:46.013 [default task-13] ManageToken -- Token:Bearer eyJhbGciOiJSUzI1NiIsInR5cCIgOiAiSldUIiwia2lkIiA6ICIxSEFyRGRxRFFHYWRWX3dKaUpSLXItdjlUbUpVVldILURxSzRBM0xQT2xvIn0.eyJleHAiOjE2NzM0MjYxOTgsImlhdCI6MTY3MzQyNTg5OCwianRpIjoiYzI4MTNjOTQtY2ZkMi00YjU3LWJlZGQtOTIwYTM1MmUzMTllIiwiaXNzIjoiaHR0cDovLzE5Mi4xNjguMTk4LjEyMDo4MDgxL2F1dGgvcmVhbG1zL1FyeXB0b1JlYWxtIiwiYXVkIjoiYWNjb3VudCIsInN1YiI6IjVhZTkzYWNkLTk0OTMtNGVhNi1hYTkyLThhMTQyYWRiYzI3MSIsInR5cCI6IkJlYXJlciIsImF6cCI6InFyeXB0b1VzZXIiLCJzZXNzaW9uX3N0YXRlIjoiNTVhZWFkZDctZWMwMS00N2RjLWIxNmQtNmIwYTMxNWY1ZjM0IiwiYWNyIjoiMSIsInJlYWxtX2FjY2VzcyI6eyJyb2xlcyI6WyJkZWZhdWx0LXJvbGVzLXFyeXB0b3JlYWxtIiwib2ZmbGluZV9hY2Nlc3MiLCJ1bWFfYXV0aG9yaXphdGlvbiJdfSwicmVzb3VyY2VfYWNjZXNzIjp7ImFjY291bnQiOnsicm9sZXMiOlsibWFuYWdlLWFjY291bnQiLCJtYW5hZ2UtYWNjb3VudC1saW5rcyIsInZpZXctcHJvZmlsZSJdfX0sInNjb3BlIjoicHJvZmlsZSBlbWFpbCIsInNpZCI6IjU1YWVhZGQ3LWVjMDEtNDdkYy1iMTZkLTZiMGEzMTVmNWYzNCIsImVtYWlsX3ZlcmlmaWVkIjpmYWxzZSwibmFtZSI6IlRhdCBHaWEiLCJwcmVmZXJyZWRfdXNlcm5hbWUiOiJ1c2VyMiIsImdpdmVuX25hbWUiOiJUYXQiLCJmYW1pbHlfbmFtZSI6IkdpYSIsImVtYWlsIjoiZ2lhdGtAbW9iaWxlLWlkLnZuIn0.dArXVoVUYyWH0lhS6ij5ad_UDZE3syyzYWriqEGJBA4mcUpyQnp9fV9_SVktHgr529moCOBc1vHDlMiesxz-8S8__112pIkRyJgQHFsf7oK6XMal7IhxIva_7UElb271TtIiLl9hhEvpUX_YyUBFiOmBazOmjLV4OtphL7SHnYPZJe8c2MyTW05Kal_mW1fIO41BQnuJI9uysjyOv8PAl6IE2SAym17K9OVgV7lAWMOV1rvdB2CahSf122ETZ9l8QJPILBrqwiv9XMmuww-HDhTk3X-CWArQ3fuZPUcfN5IF3-GRsa5TrSwkiNn0JNqxoRmxxojDEJ6xoqzpzmKKPQ
[DEBUG] 2023-01-11 15:32:46.015 [default task-13] KeyCloakInvocation -- Get IAM Certificate!
[INFO ] 2023-01-11 15:32:46.122 [default task-13] KeyCloakInvocation -- Verify Token
[DEBUG] 2023-01-11 15:32:46.198 [default task-13] ServicesController -- Request fail
[DEBUG] 2023-01-11 15:32:46.198 [default task-13] ServicesController -- Status:0
[DEBUG] 2023-01-11 15:32:46.198 [default task-13] ServicesController -- Message:{"workflow_activity_id":"27"}
