Dec 08, 2022 5:46:21 PM mobileid.vn.supporter.LogHandler LogIntoFile
WARNING: Cannot run Service!
java.lang.ClassNotFoundException: com.mysql.cj.yjdbc.Driver
	at java.net.URLClassLoader.findClass(URLClassLoader.java:382)
	at java.lang.ClassLoader.loadClass(ClassLoader.java:424)
	at sun.misc.Launcher$AppClassLoader.loadClass(Launcher.java:349)
	at java.lang.ClassLoader.loadClass(ClassLoader.java:357)
	at java.lang.Class.forName0(Native Method)
	at java.lang.Class.forName(Class.java:264)
	at mobileid.vn.connector.ConnectorDB.getConnection(ConnectorDB.java:54)
	at mobileid.vn.connector.ConnectorDB.initConnection(ConnectorDB.java:40)
	at mobileid.vn.connector.ConnectorDB.<init>(ConnectorDB.java:34)
	at mobileid.vn.connector.ConnectorDB.main(ConnectorDB.java:78)

Dec 08, 2022 5:46:32 PM mobileid.vn.supporter.LogHandler LogIntoFile
WARNING: Cannot run Service!
java.lang.ClassNotFoundException: com.mysql.cj.yjdbc.Driver
	at java.net.URLClassLoader.findClass(URLClassLoader.java:382)
	at java.lang.ClassLoader.loadClass(ClassLoader.java:424)
	at sun.misc.Launcher$AppClassLoader.loadClass(Launcher.java:349)
	at java.lang.ClassLoader.loadClass(ClassLoader.java:357)
	at java.lang.Class.forName0(Native Method)
	at java.lang.Class.forName(Class.java:264)
	at mobileid.vn.connector.ConnectorDB.getConnection(ConnectorDB.java:54)
	at mobileid.vn.connector.ConnectorDB.initConnection(ConnectorDB.java:40)
	at mobileid.vn.connector.ConnectorDB.<init>(ConnectorDB.java:34)
	at mobileid.vn.connector.ConnectorDB.main(ConnectorDB.java:78)

Dec 08, 2022 5:49:40 PM mobileid.vn.supporter.LogHandler LogIntoFile
WARNING: Cannot run Service!
java.sql.SQLException: No suitable driver found for nullnull:null/null
	at java.sql.DriverManager.getConnection(DriverManager.java:689)
	at java.sql.DriverManager.getConnection(DriverManager.java:247)
	at mobileid.vn.connector.ConnectorDB.getConnection(ConnectorDB.java:55)
	at mobileid.vn.connector.ConnectorDB.initConnection(ConnectorDB.java:40)
	at mobileid.vn.connector.ConnectorDB.<init>(ConnectorDB.java:34)
	at mobileid.vn.connector.ConnectorDB.main(ConnectorDB.java:78)

Dec 08, 2022 5:51:17 PM mobileid.vn.supporter.LogHandler LogIntoFile
WARNING: Cannot run Service!
java.sql.SQLSyntaxErrorException: Unknown database 'QryptalDB'
	at com.mysql.cj.jdbc.exceptions.SQLError.createSQLException(SQLError.java:120)
	at com.mysql.cj.jdbc.exceptions.SQLExceptionsMapping.translateException(SQLExceptionsMapping.java:122)
	at com.mysql.cj.jdbc.ConnectionImpl.createNewIO(ConnectionImpl.java:828)
	at com.mysql.cj.jdbc.ConnectionImpl.<init>(ConnectionImpl.java:448)
	at com.mysql.cj.jdbc.ConnectionImpl.getInstance(ConnectionImpl.java:241)
	at com.mysql.cj.jdbc.NonRegisteringDriver.connect(NonRegisteringDriver.java:198)
	at java.sql.DriverManager.getConnection(DriverManager.java:664)
	at java.sql.DriverManager.getConnection(DriverManager.java:247)
	at mobileid.vn.connector.ConnectorDB.getConnection(ConnectorDB.java:55)
	at mobileid.vn.connector.ConnectorDB.initConnection(ConnectorDB.java:40)
	at mobileid.vn.connector.ConnectorDB.<init>(ConnectorDB.java:34)
	at mobileid.vn.connector.ConnectorDB.main(ConnectorDB.java:79)

